2025-09-15 20:41:02 [ERROR]: Error al registrar usuario: ValidationError: age: Path `age` is required., last_name: Path `last_name` is required., first_name: Path `first_name` is required.
2025-09-15 20:41:02 [INFO]: POST /users/register - 500 (3051ms)
2025-09-15 20:44:03 [INFO]: Usuario registrado: ignacio@example.com
2025-09-15 20:44:03 [INFO]: POST /users/register - 201 (2401ms)
2025-09-15 20:44:55 [INFO]: Usuario logueado: ignacio@example.com
2025-09-15 20:44:55 [INFO]: POST /users/login - 200 (119ms)
2025-09-15 21:01:37 [INFO]: Usuario registrado: ignacio@test.com
2025-09-15 21:01:37 [INFO]: POST /users/register - 201 (2780ms)
2025-09-15 21:03:14 [INFO]: Usuario logueado: ignacio@test.com
2025-09-15 21:03:14 [INFO]: POST /users/login - 200 (62ms)
2025-09-16 19:54:38 [INFO]: GET /api/docs - 404 (14ms)
2025-09-16 19:56:16 [INFO]: GET /api/docs - 404 (4ms)
2025-09-16 20:06:40 [INFO]: POST /users/register - 400 (12ms)
2025-09-16 20:08:29 [WARN]: ⚠️ Intento fallido de login para ignaalcaniz@gmail.com
2025-09-16 20:08:29 [ERROR]: ❌ Error en login: Credenciales incorrectas
2025-09-16 20:08:29 [INFO]: POST /users/login - 401 (105ms)
2025-09-16 20:21:21 [INFO]: POST /users/register - 400 (3ms)
2025-09-16 20:21:55 [INFO]: POST /users/register - 400 (2ms)
2025-09-16 20:22:25 [INFO]: POST /users/register - 400 (2ms)
2025-09-16 20:34:13 [ERROR]: ❌ Error al registrar usuario: El usuario ya existe
2025-09-16 20:34:13 [INFO]: POST /users/register - 404 (63ms)
2025-09-16 20:35:07 [WARN]: ⚠️ Intento fallido de login para ignaalcaniz@gmail.com
2025-09-16 20:35:07 [ERROR]: ❌ Error en login: Credenciales incorrectas
2025-09-16 20:35:07 [INFO]: POST /users/login - 401 (83ms)
2025-09-16 20:36:10 [WARN]: ⚠️ Intento fallido de login para ignaalcaniz@gmail.com
2025-09-16 20:36:10 [ERROR]: ❌ Error en login: Credenciales incorrectas
2025-09-16 20:36:10 [INFO]: POST /users/login - 401 (152ms)
2025-09-16 20:55:38 [INFO]: 🆕 Usuario registrado: ignaalcaniz@gmail.com
2025-09-16 20:55:39 [INFO]: POST /users/register - 201 (950ms)
2025-09-16 20:56:09 [INFO]: ✅ Usuario logueado: ignaalcaniz@gmail.com
2025-09-16 20:56:09 [INFO]: POST /users/login - 200 (89ms)
2025-09-16 21:12:35 [INFO]: ✅ Usuario logueado: ignaalcaniz@gmail.com
2025-09-16 21:12:35 [INFO]: POST /users/login - 200 (155ms)
2025-09-16 21:17:31 [INFO]: 🆕 Usuario registrado: ignaalcaniz@gmail.com
2025-09-16 21:17:32 [INFO]: POST /users/register - 201 (1341ms)
2025-09-17 08:38:17 [INFO]: 🆕 Usuario registrado: ignaalcaniz@gmail.com
2025-09-17 08:38:19 [INFO]: POST /users/register - 201 (1833ms)
2025-09-17 09:26:46 [INFO]: GET / - 500 (20ms)
2025-09-17 11:22:40 [INFO]: 🆕 Usuario registrado: ignaalcaniz@gmail.com
2025-09-17 11:22:40 [INFO]: POST /users/register - 201 (749ms)
2025-09-18 19:22:00 [ERROR]: ❌ Error al registrar usuario: El usuario ya existe
2025-09-18 19:22:00 [INFO]: POST /users/register - 404 (58ms)
2025-09-18 19:23:19 [INFO]: 🆕 Usuario registrado: ignaalcaniz@gmail.com
2025-09-18 19:23:20 [INFO]: POST /users/register - 201 (1597ms)
2025-09-18 19:31:28 [INFO]: ✅ Usuario logueado: ignaalcaniz@gmail.com
2025-09-18 19:31:28 [INFO]: POST /users/login - 200 (180ms)
2025-09-19 10:33:08 [INFO]: 🆕 Usuario registrado: ignaalcaniz@gmail.com
2025-09-19 10:33:10 [INFO]: POST /users/register - 201 (2085ms)
2025-09-19 10:43:16 [INFO]: 🆕 Usuario registrado: ignaalcaniz@gmail.com
2025-09-19 10:43:17 [INFO]: POST /users/register - 201 (1811ms)
2025-09-19 10:45:18 [INFO]: 🆕 Usuario registrado: ignaalcaniz@gmail.com
2025-09-19 10:45:18 [INFO]: POST /users/register - 201 (528ms)
2025-09-19 10:58:40 [INFO]: 🆕 Usuario registrado: ignaalcaniz@gmail.com
2025-09-19 10:58:41 [INFO]: POST /users/register - 201 (1137ms)
2025-09-19 11:00:31 [INFO]: 🆕 Usuario registrado: ignaalcaniz@gmail.com
2025-09-19 11:00:32 [INFO]: POST /users/register - 201 (1482ms)
2025-09-19 11:03:37 [INFO]: 🆕 Usuario registrado: ignaalcaniz@gmail.com
2025-09-19 11:03:38 [INFO]: POST /users/register - 201 (451ms)
2025-09-19 11:09:22 [INFO]: 🆕 Usuario registrado: ignaalcaniz@gmail.com
2025-09-19 11:09:23 [INFO]: POST /users/register - 201 (477ms)
2025-09-19 11:13:24 [ERROR]: ❌ Error al registrar usuario: El usuario ya existe
2025-09-19 11:13:24 [INFO]: POST /users/register - 404 (47ms)
2025-09-19 11:13:43 [INFO]: 🆕 Usuario registrado: ignaalcaniz@gmail.com
2025-09-19 11:13:43 [INFO]: POST /users/register - 201 (679ms)
2025-09-19 11:20:01 [INFO]: 🆕 Usuario registrado: ignaalcaniz@gmail.com
2025-09-19 11:20:01 [INFO]: POST /users/register - 201 (501ms)
2025-09-19 14:03:43 [INFO]: 🆕 Usuario registrado: ignaalcaniz@gmail.com
2025-09-19 14:03:44 [INFO]: POST /users/register - 201 (1338ms)
2025-09-19 14:29:24 [INFO]: 🆕 Usuario registrado: ignaalcaniz@gmail.com
2025-09-19 14:29:25 [INFO]: POST /users/register - 201 (1319ms)
2025-09-19 14:36:43 [INFO]: ✅ Usuario logueado: ignaalcaniz@gmail.com
2025-09-19 14:36:43 [INFO]: POST /users/login - 200 (166ms)
2025-09-19 14:55:06 [INFO]: Producto 67e70c668b211e1c1e76fd67 agregado al carrito 68cd92f48e98740a669d9c59
2025-09-19 14:55:06 [INFO]: POST /carts/products/67e70c668b211e1c1e76fd67 - 200 (62ms)
2025-09-19 14:56:15 [INFO]: POST /ticket/purchase - 500 (6ms)
2025-09-19 15:09:37 [INFO]: 🆕 Usuario registrado: ignaalcaniz@gmail.com
2025-09-19 15:09:38 [INFO]: POST /users/register - 201 (1605ms)
2025-09-19 15:10:00 [INFO]: ✅ Usuario logueado: ignaalcaniz@gmail.com
2025-09-19 15:10:00 [INFO]: POST /users/login - 200 (142ms)
2025-09-19 15:10:36 [INFO]: Producto 67e70c668b211e1c1e76fd67 agregado al carrito 68cd9c618c33fc51e56dd823
2025-09-19 15:10:36 [INFO]: POST /carts/products/67e70c668b211e1c1e76fd67 - 200 (46ms)
2025-09-19 15:11:03 [ERROR]: ❌ Error al generar ticket: Cannot read properties of undefined (reading 'services')
2025-09-19 15:11:03 [INFO]: POST /ticket/purchase - 500 (48ms)
2025-09-19 15:35:10 [INFO]: 🆕 Usuario registrado: ignaalcaniz@gmail.com
2025-09-19 15:35:12 [INFO]: POST /users/register - 201 (1885ms)
2025-09-19 15:35:45 [INFO]: ✅ Usuario logueado: ignaalcaniz@gmail.com
2025-09-19 15:35:45 [INFO]: POST /users/login - 200 (292ms)
2025-09-19 15:36:15 [INFO]: Producto 67e70c668b211e1c1e76fd67 agregado al carrito 68cda25ee37e6334ad283304
2025-09-19 15:36:15 [INFO]: POST /carts/products/67e70c668b211e1c1e76fd67 - 200 (322ms)
2025-09-19 15:36:26 [ERROR]: ❌ Error al generar ticket: Cannot read properties of undefined (reading 'services')
2025-09-19 15:36:26 [INFO]: POST /ticket/purchase - 500 (14ms)
2025-09-19 15:43:42 [INFO]: 🆕 Usuario registrado: ignaalcaniz@gmail.com
2025-09-19 15:43:45 [INFO]: POST /users/register - 201 (3068ms)
2025-09-19 15:44:08 [INFO]: ✅ Usuario logueado: ignaalcaniz@gmail.com
2025-09-19 15:44:08 [INFO]: POST /users/login - 200 (78ms)
2025-09-19 15:44:41 [INFO]: Producto 67e70c668b211e1c1e76fd67 agregado al carrito 68cda45dfacda59d43361dea
2025-09-19 15:44:41 [INFO]: POST /carts/products/67e70c668b211e1c1e76fd67 - 200 (65ms)
2025-09-19 15:45:49 [ERROR]: ❌ Error al generar ticket: this.dao.create is not a function
2025-09-19 15:45:49 [INFO]: POST /ticket/purchase - 500 (31ms)
2025-09-19 15:57:55 [ERROR]: ❌ Error al registrar usuario: El usuario ya existe
2025-09-19 15:57:55 [INFO]: POST /users/register - 404 (18ms)
2025-09-19 15:58:13 [INFO]: 🆕 Usuario registrado: ignaalcaniz@gmail.com
2025-09-19 15:58:14 [INFO]: POST /users/register - 201 (1425ms)
2025-09-19 15:58:28 [INFO]: ✅ Usuario logueado: ignaalcaniz@gmail.com
2025-09-19 15:58:28 [INFO]: POST /users/login - 200 (171ms)
2025-09-19 15:59:01 [INFO]: Producto 67e70c668b211e1c1e76fd67 agregado al carrito 68cda7c5e75d78099f521990
2025-09-19 15:59:01 [INFO]: POST /carts/products/67e70c668b211e1c1e76fd67 - 200 (85ms)
2025-09-19 15:59:09 [ERROR]: ❌ Error al generar ticket: ValidationError: amount: Cast to Number failed for value "NaN" (type number) at path "amount", purchaser: Path `purchaser` is required.
2025-09-19 15:59:09 [INFO]: POST /ticket/purchase - 500 (101ms)
2025-09-19 16:01:59 [INFO]: 🆕 Usuario registrado: ignaalcaniz@gmail.com
2025-09-19 16:02:01 [INFO]: POST /users/register - 201 (2051ms)
2025-09-19 16:02:13 [INFO]: ✅ Usuario logueado: ignaalcaniz@gmail.com
2025-09-19 16:02:13 [INFO]: POST /users/login - 200 (162ms)
2025-09-19 16:02:43 [INFO]: POST /carts/products/67e70c668b211e1c1e76fd67 - 401 (3ms)
2025-09-19 16:02:51 [INFO]: POST /ticket/purchase - 401 (2ms)
2025-09-19 16:29:41 [INFO]: 🆕 Usuario registrado: ignaalcaniz@gmail.com
2025-09-19 16:29:43 [INFO]: POST /users/register - 201 (1986ms)
2025-09-19 16:30:09 [INFO]: ✅ Usuario logueado: ignaalcaniz@gmail.com
2025-09-19 16:30:09 [INFO]: POST /users/login - 200 (168ms)
2025-09-19 16:30:40 [INFO]: Producto 67e70c668b211e1c1e76fd67 agregado al carrito 68cdaf253c734d9d864ba45f
2025-09-19 16:30:40 [INFO]: POST /carts/products/67e70c668b211e1c1e76fd67 - 200 (55ms)
2025-09-19 16:30:49 [INFO]: 🎟️ Ticket generado para el usuario undefined
2025-09-19 16:30:49 [INFO]: POST /ticket/purchase - 201 (57ms)
2025-09-19 16:35:55 [INFO]: 🆕 Usuario registrado: ignaalcaniz@gmail.com
2025-09-19 16:35:57 [INFO]: POST /users/register - 201 (1534ms)
2025-09-19 16:36:23 [INFO]: ✅ Usuario logueado: ignaalcaniz@gmail.com
2025-09-19 16:36:23 [INFO]: POST /users/login - 200 (130ms)
2025-09-19 16:36:50 [INFO]: Producto 67e70c668b211e1c1e76fd67 agregado al carrito 68cdb09bfb9ebddeaf11d6f6
2025-09-19 16:36:50 [INFO]: POST /carts/products/67e70c668b211e1c1e76fd67 - 200 (84ms)
2025-09-19 16:37:20 [INFO]: 🎟️ Ticket generado para el usuario undefined
2025-09-19 16:37:20 [INFO]: POST /ticket/purchase - 201 (35ms)
2025-09-19 16:41:17 [INFO]: 🆕 Usuario registrado: ignaalcaniz@gmail.com
2025-09-19 16:41:18 [INFO]: POST /users/register - 201 (1508ms)
2025-09-19 16:42:12 [INFO]: ✅ Usuario logueado: ignaalcaniz@gmail.com
2025-09-19 16:42:12 [INFO]: POST /users/login - 200 (83ms)
2025-09-19 16:43:00 [INFO]: Producto 67e70c668b211e1c1e76fd67 agregado al carrito 68cdb1ddef1448508dda973c
2025-09-19 16:43:00 [INFO]: POST /carts/products/67e70c668b211e1c1e76fd67 - 200 (43ms)
2025-09-19 16:43:10 [INFO]: 🎟️ Ticket generado para el usuario undefined
2025-09-19 16:43:10 [INFO]: POST /ticket/purchase - 201 (56ms)
2025-09-19 16:47:01 [INFO]: 🆕 Usuario registrado: ignaalcaniz@gmail.com
2025-09-19 16:47:02 [INFO]: POST /users/register - 201 (1478ms)
2025-09-19 16:47:19 [INFO]: ✅ Usuario logueado: ignaalcaniz@gmail.com
2025-09-19 16:47:19 [INFO]: POST /users/login - 200 (127ms)
2025-09-19 16:47:48 [INFO]: Producto 67e70c668b211e1c1e76fd67 agregado al carrito 68cdb3349f11513e407cbb59
2025-09-19 16:47:48 [INFO]: POST /carts/products/67e70c668b211e1c1e76fd67 - 200 (82ms)
2025-09-19 16:47:57 [INFO]: 🎟️ Ticket generado para el usuario undefined
2025-09-19 16:47:57 [INFO]: POST /ticket/purchase - 201 (29ms)
2025-09-19 16:52:55 [INFO]: 🆕 Usuario registrado: ignaalcaniz@gmail.com
2025-09-19 16:52:56 [INFO]: POST /users/register - 201 (1386ms)
2025-09-19 16:53:09 [INFO]: ✅ Usuario logueado: ignaalcaniz@gmail.com
2025-09-19 16:53:09 [INFO]: POST /users/login - 200 (179ms)
2025-09-19 16:53:32 [INFO]: Producto 67e70c668b211e1c1e76fd67 agregado al carrito 68cdb497595613af1023fa46
2025-09-19 16:53:32 [INFO]: POST /carts/products/67e70c668b211e1c1e76fd67 - 200 (61ms)
2025-09-19 16:53:41 [ERROR]: ❌ Error al generar ticket: Cannot read properties of undefined (reading 'split')
2025-09-19 16:53:41 [INFO]: POST /ticket/purchase - 500 (62ms)
2025-09-19 16:56:00 [INFO]: 🆕 Usuario registrado: ignaalcaniz@gmail.com
2025-09-19 16:56:02 [INFO]: POST /users/register - 201 (1476ms)
2025-09-19 16:56:20 [INFO]: ✅ Usuario logueado: ignaalcaniz@gmail.com
2025-09-19 16:56:20 [INFO]: POST /users/login - 200 (185ms)
2025-09-19 16:56:53 [INFO]: Producto 67e70c668b211e1c1e76fd67 agregado al carrito 68cdb550881a221d077c65df
2025-09-19 16:56:53 [INFO]: POST /carts/products/67e70c668b211e1c1e76fd67 - 200 (50ms)
2025-09-19 16:56:59 [ERROR]: ❌ Error al generar ticket: Usuario no encontrado
2025-09-19 16:56:59 [INFO]: POST /ticket/purchase - 404 (17ms)
2025-09-19 17:33:44 [INFO]: 🆕 Usuario registrado: ignaalcaniz@gmail.com
2025-09-19 17:33:45 [INFO]: POST /users/register - 201 (1226ms)
2025-09-19 17:34:03 [INFO]: ✅ Usuario logueado: ignaalcaniz@gmail.com
2025-09-19 17:34:03 [INFO]: POST /users/login - 200 (119ms)
2025-09-19 17:34:31 [INFO]: Producto 67e70c668b211e1c1e76fd67 agregado al carrito 68cdbe2828e45c463c6419d0
2025-09-19 17:34:31 [INFO]: POST /carts/products/67e70c668b211e1c1e76fd67 - 200 (53ms)
2025-09-19 17:34:37 [ERROR]: ❌ Error al generar ticket: Usuario no autenticado
2025-09-19 17:34:37 [INFO]: POST /ticket/purchase - 401 (10ms)
2025-09-19 17:52:40 [INFO]: 🆕 Usuario registrado: ignaalcaniz@gmail.com
2025-09-19 17:52:41 [INFO]: POST /users/register - 201 (1143ms)
2025-09-19 17:52:57 [INFO]: ✅ Usuario logueado: ignaalcaniz@gmail.com
2025-09-19 17:52:57 [INFO]: POST /users/login - 200 (78ms)
2025-09-19 17:53:25 [INFO]: Producto 67e70c668b211e1c1e76fd67 agregado al carrito 68cdc29800f7e04fe49a162f
2025-09-19 17:53:25 [INFO]: POST /carts/products/67e70c668b211e1c1e76fd67 - 200 (29ms)
2025-09-19 17:53:35 [INFO]: 🎟️ Ticket generado para el usuario undefined
2025-09-19 17:53:35 [INFO]: POST /ticket/purchase - 201 (36ms)
2025-09-19 18:02:23 [INFO]: 🆕 Usuario registrado: ignaalcaniz@gmail.com
2025-09-19 18:02:25 [INFO]: POST /users/register - 201 (1330ms)
2025-09-19 18:02:41 [INFO]: ✅ Usuario logueado: ignaalcaniz@gmail.com
2025-09-19 18:02:41 [INFO]: POST /users/login - 200 (150ms)
2025-09-19 18:03:06 [INFO]: Producto 67e70c668b211e1c1e76fd67 agregado al carrito 68cdc4dffb853f9fe63d4c1a
2025-09-19 18:03:06 [INFO]: POST /carts/products/67e70c668b211e1c1e76fd67 - 200 (52ms)
2025-09-19 18:03:15 [ERROR]: ❌ Error al generar ticket: Usuario no autenticado
2025-09-19 18:03:15 [INFO]: POST /ticket/purchase - 401 (12ms)
2025-09-19 18:17:20 [INFO]: 🆕 Usuario registrado: ignaalcaniz@gmail.com
2025-09-19 18:17:21 [INFO]: POST /users/register - 201 (1318ms)
2025-09-19 18:21:37 [INFO]: ✅ Usuario logueado: ignaalcaniz@gmail.com
2025-09-19 18:21:37 [INFO]: POST /users/login - 200 (166ms)
2025-09-19 18:22:01 [INFO]: POST /carts/products/67e70c668b211e1c1e76fd67 - 401 (2ms)
2025-09-19 18:22:13 [INFO]: POST /ticket/purchase - 401 (2ms)
2025-09-21 17:47:49 [INFO]: 🆕 Usuario registrado: ignaalcaniz@gmail.com
2025-09-21 17:47:51 [INFO]: POST /users/register - 201 (1852ms)
2025-09-21 17:48:16 [INFO]: ✅ Usuario logueado: ignaalcaniz@gmail.com
2025-09-21 17:48:16 [INFO]: POST /users/login - 200 (157ms)
2025-09-21 17:49:00 [INFO]: Producto 67e70c668b211e1c1e76fd67 agregado al carrito { _id: new ObjectId('68d06475023c21b2c3e6e263'), products: [], __v: 0 }
2025-09-21 17:49:00 [INFO]: POST /carts/products/67e70c668b211e1c1e76fd67 - 200 (98ms)
2025-09-21 17:49:30 [INFO]: 🎟️ Ticket generado para el usuario ignaalcaniz@gmail.com
2025-09-21 17:49:30 [INFO]: POST /ticket/purchase - 201 (48ms)
2025-09-21 17:56:09 [INFO]: ✅ Usuario logueado: ignaalcaniz@gmail.com
2025-09-21 17:56:09 [INFO]: POST /users/login - 200 (188ms)
2025-09-21 17:56:44 [ERROR]: Error al agregar producto al carrito: Error: Producto no encontrado
2025-09-21 17:56:44 [INFO]: POST /carts/products/68d06475023c21b2c3e6e265 - 500 (34ms)
2025-09-21 17:57:36 [INFO]: POST /carts/products/67e70c668b211e1c1e76fd67 - 401 (3ms)
2025-09-21 17:58:28 [INFO]: POST /carts/products/67e70c668b211e1c1e76fd67 - 401 (1ms)
2025-09-21 17:58:55 [INFO]: ✅ Usuario logueado: ignaalcaniz@gmail.com
2025-09-21 17:58:55 [INFO]: POST /users/login - 200 (138ms)
2025-09-21 17:59:27 [INFO]: Producto 67e70c668b211e1c1e76fd67 agregado al carrito { _id: new ObjectId('68d06475023c21b2c3e6e263'), products: [], __v: 0 }
2025-09-21 17:59:27 [INFO]: POST /carts/products/67e70c668b211e1c1e76fd67 - 200 (70ms)
2025-09-21 17:59:38 [INFO]: 🎟️ Ticket generado para el usuario ignaalcaniz@gmail.com
2025-09-21 17:59:40 [INFO]: POST /ticket/purchase - 201 (1675ms)
2025-09-21 18:07:51 [INFO]: ✅ Usuario logueado: ignaalcaniz@gmail.com
2025-09-21 18:07:51 [INFO]: POST /users/login - 200 (153ms)
2025-09-21 18:08:19 [INFO]: Producto 67e70c668b211e1c1e76fd67 agregado al carrito [object Object]
2025-09-21 18:08:19 [INFO]: POST /carts/products/67e70c668b211e1c1e76fd67 - 200 (266ms)
2025-09-21 18:08:41 [ERROR]: ❌ Error al generar ticket: Usuario no encontrado
2025-09-21 18:08:41 [INFO]: POST /ticket/purchase - 404 (29ms)
2025-09-21 18:38:11 [INFO]: ✅ Usuario logueado: ignaalcaniz@gmail.com
2025-09-21 18:38:11 [INFO]: POST /users/login - 200 (69ms)
2025-09-21 18:41:21 [INFO]: ✅ Usuario logueado: ignaalcaniz@gmail.com
2025-09-21 18:41:21 [INFO]: POST /users/login - 200 (149ms)
2025-09-21 18:41:41 [INFO]: Producto 67e70c668b211e1c1e76fd67 agregado al carrito [object Object]
2025-09-21 18:41:41 [INFO]: POST /carts/products/67e70c668b211e1c1e76fd67 - 200 (98ms)
2025-09-21 18:41:46 [ERROR]: ❌ Error al generar ticket: Usuario no encontrado
2025-09-21 18:41:46 [INFO]: POST /ticket/purchase - 404 (43ms)
2025-09-21 18:50:05 [INFO]: 🆕 Usuario registrado: ignaalcaniz@gmail.com
2025-09-21 18:50:06 [INFO]: POST /users/register - 201 (1648ms)
2025-09-21 18:50:21 [INFO]: ✅ Usuario logueado: ignaalcaniz@gmail.com
2025-09-21 18:50:21 [INFO]: POST /users/login - 200 (176ms)
2025-09-21 18:50:41 [INFO]: Producto 67e70c668b211e1c1e76fd67 agregado al carrito [object Object]
2025-09-21 18:50:41 [INFO]: POST /carts/products/67e70c668b211e1c1e76fd67 - 200 (87ms)
2025-09-21 18:51:03 [ERROR]: ❌ Error al generar ticket: Cannot read properties of undefined (reading 'toString')
2025-09-21 18:51:03 [INFO]: POST /ticket/purchase - 500 (24ms)
2025-09-21 18:59:54 [INFO]: 🆕 Usuario registrado: ignaalcaniz@gmail.com
2025-09-21 18:59:56 [INFO]: POST /users/register - 201 (1779ms)
2025-09-21 19:00:08 [INFO]: ✅ Usuario logueado: ignaalcaniz@gmail.com
2025-09-21 19:00:08 [INFO]: POST /users/login - 200 (158ms)
2025-09-21 19:00:27 [INFO]: Producto 67e70c668b211e1c1e76fd67 agregado al carrito [object Object]
2025-09-21 19:00:27 [INFO]: POST /carts/products/67e70c668b211e1c1e76fd67 - 200 (88ms)
2025-09-21 19:00:37 [INFO]: 🎟️ Ticket generado para el usuario ignaalcaniz@gmail.com
2025-09-21 19:00:37 [INFO]: POST /ticket/purchase - 201 (35ms)
2025-09-21 19:07:51 [INFO]: ✅ Usuario logueado: ignaalcaniz@gmail.com
2025-09-21 19:07:51 [INFO]: POST /users/login - 200 (159ms)
2025-09-21 19:08:15 [INFO]: POST /carts/products/67e70c668b211e1c1e76fd67 - 500 (46ms)
2025-09-21 19:19:29 [INFO]: 🆕 Usuario registrado: ignaalcaniz@gmail.com
2025-09-21 19:19:30 [INFO]: POST /users/register - 201 (1238ms)
2025-09-21 19:19:42 [INFO]: ✅ Usuario logueado: ignaalcaniz@gmail.com
2025-09-21 19:19:42 [INFO]: POST /users/login - 200 (157ms)
2025-09-21 19:20:04 [INFO]: Producto 67e70c668b211e1c1e76fd67 agregado al carrito [object Object]
2025-09-21 19:20:04 [INFO]: POST /carts/products/67e70c668b211e1c1e76fd67 - 200 (44ms)
2025-09-21 19:20:12 [ERROR]: ❌ Error al generar ticket: Usuario no encontrado
2025-09-21 19:20:12 [INFO]: POST /ticket/purchase - 404 (9ms)
2025-09-21 19:26:31 [INFO]: ✅ Usuario logueado: ignaalcaniz@gmail.com
2025-09-21 19:26:31 [INFO]: POST /users/login - 200 (141ms)
2025-09-21 19:27:15 [INFO]: Producto 67e70c668b211e1c1e76fd67 agregado al carrito [object Object]
2025-09-21 19:27:15 [INFO]: POST /carts/products/67e70c668b211e1c1e76fd67 - 200 (37ms)
2025-09-21 19:27:31 [ERROR]: ❌ Error al generar ticket: Usuario no encontrado
2025-09-21 19:27:31 [INFO]: POST /ticket/purchase - 404 (24ms)
2025-09-21 19:36:29 [INFO]: 🆕 Usuario registrado: ignaalcaniz@gmail.com
2025-09-21 19:36:30 [INFO]: POST /users/register - 201 (1254ms)
2025-09-21 19:36:43 [INFO]: ✅ Usuario logueado: ignaalcaniz@gmail.com
2025-09-21 19:36:43 [INFO]: POST /users/login - 200 (104ms)
2025-09-21 19:37:05 [INFO]: Producto 67e70c668b211e1c1e76fd67 agregado al carrito [object Object]
2025-09-21 19:37:05 [INFO]: POST /carts/products/67e70c668b211e1c1e76fd67 - 200 (43ms)
2025-09-21 19:37:14 [ERROR]: ❌ Error al generar ticket: Usuario no encontrado
2025-09-21 19:37:14 [INFO]: POST /ticket/purchase - 404 (17ms)
2025-09-21 19:41:55 [INFO]: ✅ Usuario logueado: ignaalcaniz@gmail.com
2025-09-21 19:41:55 [INFO]: POST /users/login - 200 (225ms)
2025-09-21 19:42:16 [INFO]: Producto 67e70c668b211e1c1e76fd67 agregado al carrito [object Object]
2025-09-21 19:42:16 [INFO]: POST /carts/products/67e70c668b211e1c1e76fd67 - 200 (46ms)
2025-09-21 19:42:26 [ERROR]: ❌ Error al generar ticket: Usuario no encontrado
2025-09-21 19:42:26 [INFO]: POST /ticket/purchase - 404 (14ms)
2025-09-22 15:51:50 [INFO]: 🆕 Usuario registrado: ignaalcaniz@gmail.com
2025-09-22 15:51:51 [INFO]: POST /users/register - 201 (1357ms)
2025-09-22 15:52:05 [INFO]: ✅ Usuario logueado: ignaalcaniz@gmail.com
2025-09-22 15:52:05 [INFO]: POST /users/login - 200 (139ms)
2025-09-22 15:52:24 [INFO]: Producto 67e70c668b211e1c1e76fd67 agregado al carrito [object Object]
2025-09-22 15:52:24 [INFO]: POST /carts/products/67e70c668b211e1c1e76fd67 - 200 (62ms)
2025-09-22 15:52:36 [INFO]: 🎟️ Ticket generado para ignaalcaniz@gmail.com
2025-09-22 15:52:36 [INFO]: POST /ticket/purchase - 201 (1015ms)
2025-09-22 16:55:51 [INFO]: 🆕 Usuario registrado: ignaalcaniz@gmail.com
2025-09-22 16:55:51 [INFO]: POST /users/register - 201 (426ms)
2025-09-22 16:57:00 [INFO]: POST /users/login - 200 (69ms)
2025-09-22 16:57:21 [INFO]: Producto 67e70c668b211e1c1e76fd67 agregado al carrito [object Object]
2025-09-22 16:57:21 [INFO]: POST /carts/products/67e70c668b211e1c1e76fd67 - 200 (28ms)
2025-09-22 16:57:30 [ERROR]: ❌ Error al generar ticket: Cannot read properties of undefined (reading 'first_name')
2025-09-22 16:57:30 [INFO]: POST /ticket/purchase - 500 (34ms)
2025-09-22 20:51:23 [INFO]: 🆕 Usuario registrado: ignaalcaniz@gmail.com
2025-09-22 20:51:24 [INFO]: POST /users/register - 201 (1460ms)
2025-09-22 20:51:41 [INFO]: POST /users/login - 200 (82ms)
2025-09-22 20:52:09 [INFO]: Producto 67e70c668b211e1c1e76fd67 agregado al carrito [object Object]
2025-09-22 20:52:09 [INFO]: POST /carts/products/67e70c668b211e1c1e76fd67 - 200 (161ms)
2025-09-22 20:52:35 [ERROR]: ❌ Error al generar ticket: Usuario no encontrado
2025-09-22 20:52:35 [INFO]: POST /ticket/purchase - 404 (25ms)
2025-09-22 21:15:27 [INFO]: 🆕 Usuario registrado: ignaalcaniz@gmail.com
2025-09-22 21:15:29 [INFO]: POST /users/register - 201 (2045ms)
2025-09-22 21:15:40 [INFO]: POST /users/login - 200 (126ms)
2025-09-22 21:16:00 [INFO]: Producto 67e70c668b211e1c1e76fd67 agregado al carrito [object Object]
2025-09-22 21:16:00 [INFO]: POST /carts/products/67e70c668b211e1c1e76fd67 - 200 (35ms)
2025-09-22 21:16:46 [INFO]: 🎟️ Ticket generado para ignaalcaniz@gmail.com
2025-09-22 21:16:46 [INFO]: POST /ticket/purchase - 201 (94ms)
2025-09-22 21:29:38 [INFO]: 🆕 Usuario registrado: ignaalcaniz@gmail.com
2025-09-22 21:29:39 [INFO]: POST /users/register - 201 (1347ms)
2025-09-22 21:29:50 [INFO]: POST /users/login - 200 (174ms)
2025-09-22 21:30:08 [INFO]: Producto 67e70c668b211e1c1e76fd67 agregado al carrito [object Object]
2025-09-22 21:30:08 [INFO]: POST /carts/products/67e70c668b211e1c1e76fd67 - 200 (111ms)
2025-09-22 21:30:29 [INFO]: Producto 67f037cf5da701c29225daf0 agregado al carrito [object Object]
2025-09-22 21:30:29 [INFO]: POST /carts/products/67f037cf5da701c29225daf0 - 200 (77ms)
2025-09-22 21:30:39 [ERROR]: ❌ Error al generar ticket: Usuario no encontrado
2025-09-22 21:30:39 [INFO]: POST /ticket/purchase - 404 (28ms)
2025-09-22 21:37:41 [INFO]: 🆕 Usuario registrado: ignaalcaniz@gmail.com
2025-09-22 21:37:42 [INFO]: POST /users/register - 201 (1305ms)
2025-09-22 21:38:05 [INFO]: POST /users/login - 200 (79ms)
2025-09-22 21:38:26 [INFO]: Producto 67e70c668b211e1c1e76fd67 agregado al carrito [object Object]
2025-09-22 21:38:26 [INFO]: POST /carts/products/67e70c668b211e1c1e76fd67 - 200 (51ms)
2025-09-22 21:38:42 [INFO]: Producto 67f41c214516c2d352a0d6f4 agregado al carrito [object Object]
2025-09-22 21:38:42 [INFO]: POST /carts/products/67f41c214516c2d352a0d6f4 - 200 (22ms)
2025-09-22 21:38:43 [INFO]: Producto 67f41c214516c2d352a0d6f4 agregado al carrito [object Object]
2025-09-22 21:38:43 [INFO]: POST /carts/products/67f41c214516c2d352a0d6f4 - 200 (50ms)
2025-09-22 21:38:56 [INFO]: 🎟️ Ticket generado para ignaalcaniz@gmail.com
2025-09-22 21:38:56 [INFO]: POST /ticket/purchase - 201 (61ms)
2025-09-22 21:51:47 [INFO]: 🆕 Usuario registrado: ignaalcaniz@gmail.com
2025-09-22 21:51:49 [INFO]: POST /users/register - 201 (2249ms)
2025-09-22 21:52:00 [INFO]: POST /users/login - 200 (143ms)
2025-09-22 21:52:17 [INFO]: Producto 67e70c668b211e1c1e76fd67 agregado al carrito [object Object]
2025-09-22 21:52:17 [INFO]: POST /carts/products/67e70c668b211e1c1e76fd67 - 200 (101ms)
2025-09-22 21:52:28 [INFO]: Producto 67f41c214516c2d352a0d6f4 agregado al carrito [object Object]
2025-09-22 21:52:28 [INFO]: POST /carts/products/67f41c214516c2d352a0d6f4 - 200 (77ms)
2025-09-22 21:52:42 [INFO]: 🎟️ Ticket generado para ignaalcaniz@gmail.com
2025-09-22 21:52:42 [INFO]: POST /ticket/purchase - 201 (88ms)
2025-09-22 21:54:49 [INFO]: POST /users/login - 200 (135ms)
2025-09-22 21:55:07 [INFO]: Producto 67e70c668b211e1c1e76fd67 agregado al carrito [object Object]
2025-09-22 21:55:07 [INFO]: POST /carts/products/67e70c668b211e1c1e76fd67 - 200 (90ms)
2025-09-22 21:55:12 [INFO]: 🎟️ Ticket generado para ignaalcaniz@gmail.com
2025-09-22 21:55:13 [INFO]: POST /ticket/purchase - 201 (1343ms)
2025-09-22 22:16:50 [INFO]: 🆕 Usuario registrado: ignaalcaniz@gmail.com
2025-09-22 22:16:51 [INFO]: POST /users/register - 201 (971ms)
2025-09-22 22:17:02 [INFO]: POST /users/login - 200 (104ms)
2025-09-22 22:17:22 [INFO]: Producto 67e70c668b211e1c1e76fd67 agregado al carrito [object Object]
2025-09-22 22:17:22 [INFO]: POST /carts/products/67e70c668b211e1c1e76fd67 - 200 (67ms)
2025-09-22 22:17:30 [INFO]: 🎟️ Ticket generado para ignaalcaniz@gmail.com
2025-09-22 22:17:30 [INFO]: POST /ticket/purchase - 201 (56ms)
2025-09-22 22:36:23 [INFO]: 🆕 Usuario registrado: ignaalcaniz@gmail.com
2025-09-22 22:36:24 [INFO]: POST /users/register - 201 (1251ms)
2025-09-22 22:36:36 [INFO]: POST /users/login - 200 (106ms)
2025-09-22 22:36:57 [INFO]: Producto 67e70c668b211e1c1e76fd67 agregado al carrito [object Object]
2025-09-22 22:36:57 [INFO]: POST /carts/products/67e70c668b211e1c1e76fd67 - 200 (48ms)
2025-09-22 22:37:10 [INFO]: 🎟️ Ticket generado para ignaalcaniz@gmail.com
2025-09-22 22:37:10 [INFO]: POST /ticket/purchase - 201 (606ms)
2025-09-22 22:45:26 [INFO]: POST /users/login - 200 (68ms)
2025-09-22 22:45:49 [INFO]: Producto 67e70c668b211e1c1e76fd67 agregado al carrito [object Object]
2025-09-22 22:45:49 [INFO]: POST /carts/products/67e70c668b211e1c1e76fd67 - 200 (37ms)
2025-09-22 22:45:58 [ERROR]: ❌ Error al generar ticket: Cannot read properties of undefined (reading 'first_name')
2025-09-22 22:45:58 [INFO]: POST /ticket/purchase - 500 (337ms)
2025-09-22 22:51:42 [INFO]: POST /users/login - 200 (96ms)
2025-09-22 22:52:01 [INFO]: Producto 67e70c668b211e1c1e76fd67 agregado al carrito [object Object]
2025-09-22 22:52:01 [INFO]: POST /carts/products/67e70c668b211e1c1e76fd67 - 200 (51ms)
2025-09-22 22:52:31 [INFO]: 🎟️ Ticket generado para ignaalcaniz@gmail.com
2025-09-22 22:52:31 [INFO]: POST /ticket/purchase - 201 (2861ms)
2025-09-22 23:00:21 [INFO]: POST /users/login - 200 (182ms)
2025-09-22 23:00:47 [INFO]: Producto 67e70c668b211e1c1e76fd67 agregado al carrito [object Object]
2025-09-22 23:00:47 [INFO]: POST /carts/products/67e70c668b211e1c1e76fd67 - 200 (46ms)
2025-09-22 23:02:00 [INFO]: Producto 67e70c668b211e1c1e76fd67 agregado al carrito [object Object]
2025-09-22 23:02:00 [INFO]: POST /carts/products/67e70c668b211e1c1e76fd67 - 200 (17ms)
2025-09-22 23:02:18 [INFO]: Producto 67f41c714516c2d352a0d6f8 agregado al carrito [object Object]
2025-09-22 23:02:18 [INFO]: POST /carts/products/67f41c714516c2d352a0d6f8 - 200 (21ms)
2025-09-22 23:02:22 [INFO]: Producto 67f41c714516c2d352a0d6f8 agregado al carrito [object Object]
2025-09-22 23:02:22 [INFO]: POST /carts/products/67f41c714516c2d352a0d6f8 - 200 (13ms)
2025-09-22 23:02:26 [INFO]: Producto 67f41c714516c2d352a0d6f8 agregado al carrito [object Object]
2025-09-22 23:02:26 [INFO]: POST /carts/products/67f41c714516c2d352a0d6f8 - 200 (15ms)
2025-09-22 23:02:40 [INFO]: Producto 6827cb7fa6329c71492dfc3a agregado al carrito [object Object]
2025-09-22 23:02:40 [INFO]: POST /carts/products/6827cb7fa6329c71492dfc3a - 200 (17ms)
2025-09-22 23:02:41 [INFO]: Producto 6827cb7fa6329c71492dfc3a agregado al carrito [object Object]
2025-09-22 23:02:41 [INFO]: POST /carts/products/6827cb7fa6329c71492dfc3a - 200 (19ms)
2025-09-22 23:02:42 [INFO]: Producto 6827cb7fa6329c71492dfc3a agregado al carrito [object Object]
2025-09-22 23:02:42 [INFO]: POST /carts/products/6827cb7fa6329c71492dfc3a - 200 (13ms)
2025-09-22 23:02:43 [INFO]: Producto 6827cb7fa6329c71492dfc3a agregado al carrito [object Object]
2025-09-22 23:02:43 [INFO]: POST /carts/products/6827cb7fa6329c71492dfc3a - 200 (16ms)
2025-09-22 23:02:53 [INFO]: 🎟️ Ticket generado para ignaalcaniz@gmail.com
2025-09-22 23:02:53 [INFO]: POST /ticket/purchase - 201 (2435ms)
2025-09-22 23:15:00 [INFO]: POST /users/login - 200 (150ms)
2025-09-22 23:15:31 [INFO]: Producto 67e70c668b211e1c1e76fd67 agregado al carrito [object Object]
2025-09-22 23:15:31 [INFO]: POST /carts/products/67e70c668b211e1c1e76fd67 - 200 (37ms)
2025-09-22 23:15:42 [INFO]: Producto 67e70c668b211e1c1e76fd67 agregado al carrito [object Object]
2025-09-22 23:15:42 [INFO]: POST /carts/products/67e70c668b211e1c1e76fd67 - 200 (21ms)
2025-09-22 23:15:43 [INFO]: Producto 67e70c668b211e1c1e76fd67 agregado al carrito [object Object]
2025-09-22 23:15:43 [INFO]: POST /carts/products/67e70c668b211e1c1e76fd67 - 200 (18ms)
2025-09-22 23:15:46 [INFO]: Producto 67f037cf5da701c29225daf0 agregado al carrito [object Object]
2025-09-22 23:15:46 [INFO]: POST /carts/products/67f037cf5da701c29225daf0 - 200 (13ms)
2025-09-22 23:15:46 [INFO]: Producto 67f037cf5da701c29225daf0 agregado al carrito [object Object]
2025-09-22 23:15:46 [INFO]: POST /carts/products/67f037cf5da701c29225daf0 - 200 (14ms)
2025-09-22 23:15:47 [INFO]: Producto 67f037cf5da701c29225daf0 agregado al carrito [object Object]
2025-09-22 23:15:47 [INFO]: POST /carts/products/67f037cf5da701c29225daf0 - 200 (19ms)
2025-09-22 23:16:00 [INFO]: Producto 67f41c214516c2d352a0d6f4 agregado al carrito [object Object]
2025-09-22 23:16:00 [INFO]: POST /carts/products/67f41c214516c2d352a0d6f4 - 200 (15ms)
2025-09-22 23:16:00 [INFO]: Producto 67f41c214516c2d352a0d6f4 agregado al carrito [object Object]
2025-09-22 23:16:00 [INFO]: POST /carts/products/67f41c214516c2d352a0d6f4 - 200 (13ms)
2025-09-22 23:16:01 [INFO]: Producto 67f41c214516c2d352a0d6f4 agregado al carrito [object Object]
2025-09-22 23:16:01 [INFO]: POST /carts/products/67f41c214516c2d352a0d6f4 - 200 (21ms)
2025-09-22 23:16:16 [ERROR]: ❌ Error al generar ticket: Cannot read properties of undefined (reading 'first_name')
2025-09-22 23:16:16 [INFO]: POST /ticket/purchase - 500 (349ms)
2025-09-22 23:19:55 [INFO]: POST /users/login - 200 (158ms)
2025-09-22 23:20:16 [INFO]: Producto 67e70c668b211e1c1e76fd67 agregado al carrito [object Object]
2025-09-22 23:20:16 [INFO]: POST /carts/products/67e70c668b211e1c1e76fd67 - 200 (53ms)
2025-09-22 23:20:17 [INFO]: Producto 67e70c668b211e1c1e76fd67 agregado al carrito [object Object]
2025-09-22 23:20:17 [INFO]: POST /carts/products/67e70c668b211e1c1e76fd67 - 200 (25ms)
2025-09-22 23:20:18 [INFO]: Producto 67e70c668b211e1c1e76fd67 agregado al carrito [object Object]
2025-09-22 23:20:18 [INFO]: POST /carts/products/67e70c668b211e1c1e76fd67 - 200 (23ms)
2025-09-22 23:20:18 [INFO]: Producto 67e70c668b211e1c1e76fd67 agregado al carrito [object Object]
2025-09-22 23:20:18 [INFO]: POST /carts/products/67e70c668b211e1c1e76fd67 - 200 (16ms)
2025-09-22 23:20:34 [INFO]: Producto 67f41c214516c2d352a0d6f4 agregado al carrito [object Object]
2025-09-22 23:20:34 [INFO]: POST /carts/products/67f41c214516c2d352a0d6f4 - 200 (19ms)
2025-09-22 23:20:34 [INFO]: Producto 67f41c214516c2d352a0d6f4 agregado al carrito [object Object]
2025-09-22 23:20:34 [INFO]: POST /carts/products/67f41c214516c2d352a0d6f4 - 200 (18ms)
2025-09-22 23:20:34 [INFO]: Producto 67f41c214516c2d352a0d6f4 agregado al carrito [object Object]
2025-09-22 23:20:34 [INFO]: POST /carts/products/67f41c214516c2d352a0d6f4 - 200 (17ms)
2025-09-22 23:20:35 [INFO]: Producto 67f41c214516c2d352a0d6f4 agregado al carrito [object Object]
2025-09-22 23:20:35 [INFO]: POST /carts/products/67f41c214516c2d352a0d6f4 - 200 (16ms)
2025-09-22 23:20:44 [INFO]: 🎟️ Ticket generado para ignaalcaniz@gmail.com
2025-09-22 23:20:44 [INFO]: POST /ticket/purchase - 201 (2520ms)
2025-09-22 23:34:16 [INFO]: POST /users/login - 200 (98ms)
2025-09-22 23:34:36 [INFO]: Producto 67e70c668b211e1c1e76fd67 agregado al carrito [object Object]
2025-09-22 23:34:36 [INFO]: POST /carts/products/67e70c668b211e1c1e76fd67 - 200 (44ms)
2025-09-22 23:34:38 [INFO]: Producto 67e70c668b211e1c1e76fd67 agregado al carrito [object Object]
2025-09-22 23:34:38 [INFO]: POST /carts/products/67e70c668b211e1c1e76fd67 - 200 (25ms)
2025-09-22 23:34:38 [INFO]: Producto 67e70c668b211e1c1e76fd67 agregado al carrito [object Object]
2025-09-22 23:34:38 [INFO]: POST /carts/products/67e70c668b211e1c1e76fd67 - 200 (22ms)
2025-09-22 23:34:39 [INFO]: Producto 67e70c668b211e1c1e76fd67 agregado al carrito [object Object]
2025-09-22 23:34:39 [INFO]: POST /carts/products/67e70c668b211e1c1e76fd67 - 200 (17ms)
2025-09-22 23:34:40 [INFO]: Producto 67e70c668b211e1c1e76fd67 agregado al carrito [object Object]
2025-09-22 23:34:40 [INFO]: POST /carts/products/67e70c668b211e1c1e76fd67 - 200 (21ms)
2025-09-22 23:34:52 [INFO]: Producto 67f037cf5da701c29225daf0 agregado al carrito [object Object]
2025-09-22 23:34:52 [INFO]: POST /carts/products/67f037cf5da701c29225daf0 - 200 (19ms)
2025-09-22 23:34:52 [INFO]: Producto 67f037cf5da701c29225daf0 agregado al carrito [object Object]
2025-09-22 23:34:52 [INFO]: POST /carts/products/67f037cf5da701c29225daf0 - 200 (18ms)
2025-09-22 23:34:52 [INFO]: Producto 67f037cf5da701c29225daf0 agregado al carrito [object Object]
2025-09-22 23:34:52 [INFO]: POST /carts/products/67f037cf5da701c29225daf0 - 200 (13ms)
2025-09-22 23:34:53 [INFO]: Producto 67f037cf5da701c29225daf0 agregado al carrito [object Object]
2025-09-22 23:34:53 [INFO]: POST /carts/products/67f037cf5da701c29225daf0 - 200 (19ms)
2025-09-22 23:34:53 [INFO]: Producto 67f037cf5da701c29225daf0 agregado al carrito [object Object]
2025-09-22 23:34:53 [INFO]: POST /carts/products/67f037cf5da701c29225daf0 - 200 (14ms)
2025-09-22 23:34:53 [INFO]: Producto 67f037cf5da701c29225daf0 agregado al carrito [object Object]
2025-09-22 23:34:53 [INFO]: POST /carts/products/67f037cf5da701c29225daf0 - 200 (17ms)
2025-09-22 23:35:01 [INFO]: 🎟️ Ticket generado para ignaalcaniz@gmail.com
2025-09-22 23:35:01 [INFO]: POST /ticket/purchase - 201 (1902ms)
2025-09-22 23:40:47 [INFO]: POST /users/login - 200 (143ms)
2025-09-22 23:41:08 [INFO]: Producto 67e70c668b211e1c1e76fd67 agregado al carrito [object Object]
2025-09-22 23:41:08 [INFO]: POST /carts/products/67e70c668b211e1c1e76fd67 - 200 (69ms)
2025-09-22 23:41:09 [INFO]: Producto 67e70c668b211e1c1e76fd67 agregado al carrito [object Object]
2025-09-22 23:41:09 [INFO]: POST /carts/products/67e70c668b211e1c1e76fd67 - 200 (28ms)
2025-09-22 23:41:10 [INFO]: Producto 67e70c668b211e1c1e76fd67 agregado al carrito [object Object]
2025-09-22 23:41:10 [INFO]: POST /carts/products/67e70c668b211e1c1e76fd67 - 200 (18ms)
2025-09-22 23:41:10 [INFO]: Producto 67e70c668b211e1c1e76fd67 agregado al carrito [object Object]
2025-09-22 23:41:10 [INFO]: POST /carts/products/67e70c668b211e1c1e76fd67 - 200 (17ms)
2025-09-22 23:41:11 [INFO]: Producto 67e70c668b211e1c1e76fd67 agregado al carrito [object Object]
2025-09-22 23:41:11 [INFO]: POST /carts/products/67e70c668b211e1c1e76fd67 - 200 (20ms)
2025-09-22 23:41:20 [INFO]: Producto 67f037cf5da701c29225daf0 agregado al carrito [object Object]
2025-09-22 23:41:20 [INFO]: POST /carts/products/67f037cf5da701c29225daf0 - 200 (26ms)
2025-09-22 23:41:21 [INFO]: Producto 67f037cf5da701c29225daf0 agregado al carrito [object Object]
2025-09-22 23:41:21 [INFO]: POST /carts/products/67f037cf5da701c29225daf0 - 200 (24ms)
2025-09-22 23:41:21 [INFO]: Producto 67f037cf5da701c29225daf0 agregado al carrito [object Object]
2025-09-22 23:41:21 [INFO]: POST /carts/products/67f037cf5da701c29225daf0 - 200 (37ms)
2025-09-22 23:41:21 [INFO]: Producto 67f037cf5da701c29225daf0 agregado al carrito [object Object]
2025-09-22 23:41:21 [INFO]: POST /carts/products/67f037cf5da701c29225daf0 - 200 (22ms)
2025-09-22 23:41:32 [INFO]: Producto 67f41c214516c2d352a0d6f4 agregado al carrito [object Object]
2025-09-22 23:41:32 [INFO]: POST /carts/products/67f41c214516c2d352a0d6f4 - 200 (42ms)
2025-09-22 23:41:33 [INFO]: Producto 67f41c214516c2d352a0d6f4 agregado al carrito [object Object]
2025-09-22 23:41:33 [INFO]: POST /carts/products/67f41c214516c2d352a0d6f4 - 200 (23ms)
2025-09-22 23:41:33 [INFO]: Producto 67f41c214516c2d352a0d6f4 agregado al carrito [object Object]
2025-09-22 23:41:33 [INFO]: POST /carts/products/67f41c214516c2d352a0d6f4 - 200 (42ms)
2025-09-22 23:41:48 [INFO]: Producto 67f41c714516c2d352a0d6f8 agregado al carrito [object Object]
2025-09-22 23:41:48 [INFO]: POST /carts/products/67f41c714516c2d352a0d6f8 - 200 (22ms)
2025-09-22 23:41:48 [INFO]: Producto 67f41c714516c2d352a0d6f8 agregado al carrito [object Object]
2025-09-22 23:41:48 [INFO]: POST /carts/products/67f41c714516c2d352a0d6f8 - 200 (24ms)
2025-09-22 23:41:56 [INFO]: 🎟️ Ticket generado para ignaalcaniz@gmail.com
2025-09-22 23:41:56 [INFO]: POST /ticket/purchase - 201 (2498ms)
2025-09-22 23:55:17 [INFO]: POST /users/login - 200 (161ms)
2025-09-22 23:55:41 [INFO]: Producto 67e70c668b211e1c1e76fd67 agregado al carrito [object Object]
2025-09-22 23:55:41 [INFO]: POST /carts/products/67e70c668b211e1c1e76fd67 - 200 (45ms)
2025-09-22 23:55:42 [INFO]: Producto 67e70c668b211e1c1e76fd67 agregado al carrito [object Object]
2025-09-22 23:55:42 [INFO]: POST /carts/products/67e70c668b211e1c1e76fd67 - 200 (35ms)
2025-09-22 23:55:42 [INFO]: Producto 67e70c668b211e1c1e76fd67 agregado al carrito [object Object]
2025-09-22 23:55:42 [INFO]: POST /carts/products/67e70c668b211e1c1e76fd67 - 200 (15ms)
2025-09-22 23:55:43 [INFO]: Producto 67e70c668b211e1c1e76fd67 agregado al carrito [object Object]
2025-09-22 23:55:43 [INFO]: POST /carts/products/67e70c668b211e1c1e76fd67 - 200 (18ms)
2025-09-22 23:55:43 [INFO]: Producto 67e70c668b211e1c1e76fd67 agregado al carrito [object Object]
2025-09-22 23:55:43 [INFO]: POST /carts/products/67e70c668b211e1c1e76fd67 - 200 (22ms)
2025-09-22 23:55:43 [INFO]: Producto 67e70c668b211e1c1e76fd67 agregado al carrito [object Object]
2025-09-22 23:55:43 [INFO]: POST /carts/products/67e70c668b211e1c1e76fd67 - 200 (19ms)
2025-09-22 23:55:51 [INFO]: Producto 67f037cf5da701c29225daf0 agregado al carrito [object Object]
2025-09-22 23:55:51 [INFO]: POST /carts/products/67f037cf5da701c29225daf0 - 200 (21ms)
2025-09-22 23:55:51 [INFO]: Producto 67f037cf5da701c29225daf0 agregado al carrito [object Object]
2025-09-22 23:55:51 [INFO]: POST /carts/products/67f037cf5da701c29225daf0 - 200 (22ms)
2025-09-22 23:55:51 [INFO]: Producto 67f037cf5da701c29225daf0 agregado al carrito [object Object]
2025-09-22 23:55:51 [INFO]: POST /carts/products/67f037cf5da701c29225daf0 - 200 (17ms)
2025-09-22 23:55:51 [INFO]: Producto 67f037cf5da701c29225daf0 agregado al carrito [object Object]
2025-09-22 23:55:51 [INFO]: POST /carts/products/67f037cf5da701c29225daf0 - 200 (21ms)
2025-09-22 23:55:52 [INFO]: Producto 67f037cf5da701c29225daf0 agregado al carrito [object Object]
2025-09-22 23:55:52 [INFO]: POST /carts/products/67f037cf5da701c29225daf0 - 200 (25ms)
2025-09-22 23:55:52 [INFO]: Producto 67f037cf5da701c29225daf0 agregado al carrito [object Object]
2025-09-22 23:55:52 [INFO]: POST /carts/products/67f037cf5da701c29225daf0 - 200 (22ms)
2025-09-22 23:55:52 [INFO]: Producto 67f037cf5da701c29225daf0 agregado al carrito [object Object]
2025-09-22 23:55:52 [INFO]: POST /carts/products/67f037cf5da701c29225daf0 - 200 (22ms)
2025-09-22 23:56:00 [INFO]: Producto 67f41c214516c2d352a0d6f4 agregado al carrito [object Object]
2025-09-22 23:56:00 [INFO]: POST /carts/products/67f41c214516c2d352a0d6f4 - 200 (15ms)
2025-09-22 23:56:00 [INFO]: Producto 67f41c214516c2d352a0d6f4 agregado al carrito [object Object]
2025-09-22 23:56:00 [INFO]: POST /carts/products/67f41c214516c2d352a0d6f4 - 200 (15ms)
2025-09-22 23:56:00 [INFO]: Producto 67f41c214516c2d352a0d6f4 agregado al carrito [object Object]
2025-09-22 23:56:00 [INFO]: POST /carts/products/67f41c214516c2d352a0d6f4 - 200 (28ms)
2025-09-22 23:56:00 [INFO]: Producto 67f41c214516c2d352a0d6f4 agregado al carrito [object Object]
2025-09-22 23:56:00 [INFO]: POST /carts/products/67f41c214516c2d352a0d6f4 - 200 (18ms)
2025-09-22 23:57:19 [INFO]: 🎟️ Ticket generado para ignaalcaniz@gmail.com
2025-09-22 23:57:19 [INFO]: POST /ticket/purchase - 201 (2584ms)
2025-09-23 19:07:02 [ERROR]: ❌ Error al registrar usuario: El usuario ya existe
2025-09-23 19:07:02 [ERROR]: Error en POST /users/register: El usuario ya existe
2025-09-23 19:07:02 [INFO]: POST /users/register - 500 (126ms)
2025-09-23 19:07:02 [INFO]: POST /users/login - 200 (80ms)
2025-09-23 19:07:02 [INFO]: GET /users/profile - 401 (4ms)
2025-09-23 19:07:02 [INFO]: POST /users/login - 200 (65ms)
2025-09-23 19:07:02 [INFO]: POST /users/refresh - 200 (5ms)
2025-09-23 19:07:02 [INFO]: POST /users/logout - 200 (4ms)
2025-09-23 19:07:03 [INFO]: 🆕 Usuario registrado: ticketer@example.com
2025-09-23 19:07:04 [INFO]: POST /users/register - 201 (948ms)
2025-09-23 19:07:04 [INFO]: POST /users/login - 200 (62ms)
2025-09-23 19:07:04 [INFO]: POST /products - 401 (2ms)
2025-09-23 19:07:04 [INFO]: GET /users/profile - 401 (2ms)
2025-09-23 19:07:04 [INFO]: POST /carts/undefined/products/undefined - 404 (5ms)
2025-09-23 19:07:04 [INFO]: POST /ticket/purchase - 401 (2ms)
2025-09-23 19:07:05 [INFO]: POST /products - 401 (8ms)
2025-09-23 19:07:05 [INFO]: GET /products - 401 (1ms)
2025-09-23 19:07:05 [INFO]: GET /products/undefined - 401 (2ms)
2025-09-23 19:07:05 [INFO]: PUT /products/undefined - 401 (3ms)
2025-09-23 19:07:05 [INFO]: DELETE /products/undefined - 401 (2ms)
2025-09-23 19:07:06 [INFO]: POST /products - 401 (5ms)
2025-09-23 19:07:06 [INFO]: POST /carts - 401 (2ms)
2025-09-23 19:07:06 [INFO]: GET /carts - 401 (2ms)
2025-09-23 19:07:06 [INFO]: GET /carts/undefined - 401 (2ms)
2025-09-23 19:07:06 [INFO]: POST /carts/undefined/products/undefined - 404 (3ms)
2025-09-23 19:07:06 [INFO]: PUT /carts/undefined/products/undefined - 401 (1ms)
2025-09-23 19:07:06 [INFO]: DELETE /carts/undefined/products/undefined - 401 (2ms)
2025-09-23 19:07:06 [INFO]: DELETE /carts/undefined - 401 (2ms)
2025-09-23 19:07:07 [INFO]: GET / - 404 (6ms)
2025-09-23 19:08:23 [ERROR]: ❌ Error al registrar usuario: El usuario ya existe
2025-09-23 19:08:23 [ERROR]: Error en POST /users/register: El usuario ya existe
2025-09-23 19:08:23 [INFO]: POST /users/register - 500 (97ms)
2025-09-23 19:08:23 [INFO]: POST /users/login - 200 (71ms)
2025-09-23 19:08:23 [INFO]: GET /users/profile - 401 (4ms)
2025-09-23 19:08:24 [INFO]: POST /users/login - 200 (77ms)
2025-09-23 19:08:24 [INFO]: POST /users/refresh - 200 (10ms)
2025-09-23 19:08:24 [INFO]: POST /users/logout - 200 (2ms)
2025-09-23 19:08:25 [ERROR]: ❌ Error al registrar usuario: El usuario ya existe
2025-09-23 19:08:25 [ERROR]: Error en POST /users/register: El usuario ya existe
2025-09-23 19:08:25 [INFO]: POST /users/register - 500 (85ms)
2025-09-23 19:08:25 [INFO]: POST /users/login - 200 (86ms)
2025-09-23 19:08:25 [INFO]: POST /products - 401 (3ms)
2025-09-23 19:08:25 [INFO]: GET /users/profile - 401 (9ms)
2025-09-23 19:08:25 [INFO]: POST /carts/undefined/products/undefined - 404 (7ms)
2025-09-23 19:08:25 [INFO]: POST /ticket/purchase - 401 (2ms)
2025-09-23 19:08:26 [INFO]: POST /products - 401 (4ms)
2025-09-23 19:08:26 [INFO]: POST /carts - 401 (3ms)
2025-09-23 19:08:26 [INFO]: GET /carts - 401 (2ms)
2025-09-23 19:08:26 [INFO]: GET /carts/undefined - 401 (3ms)
2025-09-23 19:08:26 [INFO]: POST /carts/undefined/products/undefined - 404 (3ms)
2025-09-23 19:08:26 [INFO]: PUT /carts/undefined/products/undefined - 401 (1ms)
2025-09-23 19:08:26 [INFO]: DELETE /carts/undefined/products/undefined - 401 (2ms)
2025-09-23 19:08:26 [INFO]: DELETE /carts/undefined - 401 (2ms)
2025-09-23 19:08:27 [INFO]: POST /products - 401 (5ms)
2025-09-23 19:08:27 [INFO]: GET /products - 401 (3ms)
2025-09-23 19:08:27 [INFO]: GET /products/undefined - 401 (4ms)
2025-09-23 19:08:27 [INFO]: PUT /products/undefined - 401 (2ms)
2025-09-23 19:08:27 [INFO]: DELETE /products/undefined - 401 (2ms)
2025-09-23 19:08:28 [INFO]: GET / - 404 (5ms)
2025-09-23 19:22:26 [INFO]: POST /products - 401 (18ms)
2025-09-23 19:22:26 [INFO]: POST /carts - 401 (2ms)
2025-09-23 19:22:26 [INFO]: GET /carts - 401 (2ms)
2025-09-23 19:22:26 [INFO]: GET /carts/undefined - 401 (2ms)
2025-09-23 19:22:26 [INFO]: POST /carts/undefined/products/undefined - 404 (4ms)
2025-09-23 19:22:26 [INFO]: PUT /carts/undefined/products/undefined - 401 (2ms)
2025-09-23 19:22:26 [INFO]: DELETE /carts/undefined/products/undefined - 401 (3ms)
2025-09-23 19:22:26 [INFO]: DELETE /carts/undefined - 401 (3ms)
2025-09-23 19:22:27 [INFO]: POST /products - 401 (7ms)
2025-09-23 19:22:27 [INFO]: GET /products - 401 (4ms)
2025-09-23 19:22:27 [INFO]: GET /products/undefined - 401 (3ms)
2025-09-23 19:22:27 [INFO]: PUT /products/undefined - 401 (2ms)
2025-09-23 19:22:27 [INFO]: DELETE /products/undefined - 401 (1ms)
2025-09-23 19:22:28 [INFO]: GET / - 404 (5ms)
2025-09-23 19:24:28 [INFO]: POST /products - 401 (10ms)
2025-09-23 19:24:28 [INFO]: POST /carts - 401 (2ms)
2025-09-23 19:24:28 [INFO]: GET /carts - 401 (4ms)
2025-09-23 19:24:28 [INFO]: GET /carts/undefined - 401 (5ms)
2025-09-23 19:24:28 [INFO]: POST /carts/undefined/products/undefined - 404 (6ms)
2025-09-23 19:24:28 [INFO]: PUT /carts/undefined/products/undefined - 401 (2ms)
2025-09-23 19:24:28 [INFO]: DELETE /carts/undefined/products/undefined - 401 (2ms)
2025-09-23 19:24:28 [INFO]: DELETE /carts/undefined - 401 (2ms)
2025-09-23 19:24:29 [INFO]: POST /products - 401 (4ms)
2025-09-23 19:24:29 [INFO]: GET /products - 401 (1ms)
2025-09-23 19:24:29 [INFO]: GET /products/undefined - 401 (2ms)
2025-09-23 19:24:29 [INFO]: PUT /products/undefined - 401 (1ms)
2025-09-23 19:24:29 [INFO]: DELETE /products/undefined - 401 (2ms)
2025-09-23 19:24:30 [INFO]: GET / - 404 (6ms)
2025-09-23 19:24:41 [ERROR]: ❌ Error al registrar usuario: MongooseError: Operation `users.findOne()` buffering timed out after 10000ms
2025-09-23 19:24:41 [ERROR]: Error en POST /users/register: MongooseError: Operation `users.findOne()` buffering timed out after 10000ms
2025-09-23 19:24:41 [INFO]: POST /users/register - 500 (10040ms)
2025-09-23 19:24:46 [ERROR]: ❌ Error al registrar usuario: MongooseError: Operation `users.findOne()` buffering timed out after 10000ms
2025-09-23 19:24:46 [ERROR]: Error en POST /users/register: MongooseError: Operation `users.findOne()` buffering timed out after 10000ms
2025-09-23 19:24:46 [INFO]: POST /users/register - 500 (10029ms)
2025-09-23 19:24:56 [ERROR]: Error en POST /users/login: MongooseError: Operation `users.findOne()` buffering timed out after 10000ms
2025-09-23 19:24:56 [INFO]: POST /users/login - 500 (10012ms)
2025-09-23 19:24:56 [INFO]: POST /products - 401 (2ms)
2025-09-23 19:24:56 [INFO]: GET /users/profile - 401 (1ms)
2025-09-23 19:54:40 [ERROR]: Error en POST /users/login: MongooseError: Operation `users.findOne()` buffering timed out after 10000ms
2025-09-23 19:54:40 [INFO]: POST /users/login - 500 (10783ms)
2025-09-23 19:54:40 [INFO]: POST /products - 401 (4ms)
2025-09-23 19:54:40 [INFO]: GET /users/profile - 401 (2ms)
2025-09-23 19:54:40 [INFO]: POST /carts/undefined/products/undefined - 404 (3ms)
2025-09-23 19:54:52 [ERROR]: ❌ Error al registrar usuario: MongooseError: Operation `users.findOne()` buffering timed out after 10000ms
2025-09-23 19:54:52 [ERROR]: Error en POST /users/register: MongooseError: Operation `users.findOne()` buffering timed out after 10000ms
2025-09-23 19:54:52 [INFO]: POST /users/register - 500 (12174ms)
2025-09-23 19:55:04 [ERROR]: Error en POST /users/login: MongooseError: Operation `users.findOne()` buffering timed out after 10000ms
2025-09-23 19:55:04 [INFO]: POST /users/login - 500 (12231ms)
2025-09-23 19:55:05 [INFO]: POST /products - 401 (8ms)
2025-09-23 19:55:05 [INFO]: POST /carts - 401 (6ms)
2025-09-23 19:55:17 [ERROR]: Error en POST /users/login: MongooseError: Operation `users.findOne()` buffering timed out after 10000ms
2025-09-23 19:55:17 [INFO]: POST /users/login - 500 (12294ms)
2025-09-23 19:55:17 [INFO]: GET / - 404 (13ms)
2025-09-23 20:08:07 [INFO]: GET / - 200 (11ms)
2025-09-23 20:10:58 [INFO]: GET / - 200 (9ms)
2025-09-23 20:11:09 [ERROR]: ❌ Error al registrar usuario: MongooseError: Operation `users.findOne()` buffering timed out after 10000ms
2025-09-23 20:11:09 [ERROR]: Error en POST /users/register: MongooseError: Operation `users.findOne()` buffering timed out after 10000ms
2025-09-23 20:11:09 [INFO]: POST /users/register - 500 (10107ms)
2025-09-23 20:11:19 [ERROR]: Error en POST /users/login: MongooseError: Operation `users.findOne()` buffering timed out after 10000ms
2025-09-23 20:11:19 [INFO]: POST /users/login - 500 (10033ms)
2025-09-23 20:11:19 [INFO]: GET /users/profile - 401 (3ms)
2025-09-23 20:11:29 [ERROR]: Error en POST /users/login: MongooseError: Operation `users.findOne()` buffering timed out after 10000ms
2025-09-23 20:11:29 [INFO]: POST /users/login - 500 (10044ms)
2025-09-23 20:11:29 [INFO]: POST /users/logout - 200 (14ms)
2025-09-23 20:11:41 [ERROR]: ❌ Error al registrar usuario: MongooseError: Operation `users.findOne()` buffering timed out after 10000ms
2025-09-23 20:11:41 [ERROR]: Error en POST /users/register: MongooseError: Operation `users.findOne()` buffering timed out after 10000ms
2025-09-23 20:11:41 [INFO]: POST /users/register - 500 (10049ms)
2025-09-23 20:11:51 [ERROR]: Error en POST /users/login: MongooseError: Operation `users.findOne()` buffering timed out after 10000ms
2025-09-23 20:11:52 [INFO]: POST /users/login - 500 (10038ms)
2025-09-23 20:11:52 [INFO]: POST /products - 401 (12ms)
2025-09-23 20:11:52 [INFO]: GET /users/profile - 401 (5ms)
2025-09-23 20:11:52 [INFO]: POST /carts/undefined/products/undefined - 404 (3ms)
2025-09-23 20:11:52 [INFO]: POST /ticket/purchase - 401 (7ms)
2025-09-23 20:12:04 [ERROR]: Error en POST /users/login: MongooseError: Operation `users.findOne()` buffering timed out after 10000ms
2025-09-23 20:12:04 [INFO]: POST /users/login - 500 (10067ms)
2025-09-23 20:12:04 [INFO]: POST /products - 401 (9ms)
2025-09-23 20:12:04 [INFO]: GET /products - 401 (8ms)
2025-09-23 20:12:04 [INFO]: GET /products/undefined - 401 (9ms)
2025-09-23 20:12:04 [INFO]: PUT /products/undefined - 401 (5ms)
2025-09-23 20:12:04 [INFO]: DELETE /products/undefined - 401 (10ms)
2025-09-23 20:12:16 [ERROR]: Error en POST /users/login: MongooseError: Operation `users.findOne()` buffering timed out after 10000ms
2025-09-23 20:12:16 [INFO]: POST /users/login - 500 (10081ms)
2025-09-23 20:12:16 [INFO]: POST /products - 401 (7ms)
2025-09-23 20:12:16 [INFO]: POST /carts - 401 (3ms)
2025-09-23 20:12:16 [INFO]: GET /carts - 401 (3ms)
2025-09-23 20:12:16 [INFO]: GET /carts/undefined - 401 (4ms)
2025-09-23 20:12:16 [INFO]: POST /carts/undefined/products/undefined - 404 (5ms)
2025-09-23 20:12:16 [INFO]: PUT /carts/undefined/products/undefined - 401 (3ms)
2025-09-23 20:12:16 [INFO]: DELETE /carts/undefined/products/undefined - 401 (4ms)
2025-09-23 20:12:17 [INFO]: DELETE /carts/undefined - 401 (6ms)
2025-09-23 20:52:19 [INFO]: 🆕 Usuario registrado: testuser@example.com
2025-09-23 20:52:19 [INFO]: POST /users/register - 201 (1375ms)
2025-09-23 20:52:19 [INFO]: POST /users/login - 200 (110ms)
2025-09-23 20:52:19 [INFO]: GET /users/profile - 401 (9ms)
2025-09-23 20:52:19 [INFO]: POST /users/login - 200 (105ms)
2025-09-23 20:52:19 [INFO]: POST /users/refresh - 200 (6ms)
2025-09-23 20:52:19 [INFO]: POST /users/logout - 200 (5ms)
2025-09-23 20:52:22 [INFO]: 🆕 Usuario registrado: ticketer@example.com
2025-09-23 20:52:22 [INFO]: POST /users/register - 201 (1172ms)
2025-09-23 20:52:22 [INFO]: POST /users/login - 200 (151ms)
2025-09-23 20:52:22 [INFO]: POST /products - 401 (11ms)
2025-09-23 20:52:22 [INFO]: GET /users/profile - 401 (7ms)
2025-09-23 20:52:22 [INFO]: POST /carts/undefined/products/undefined - 404 (8ms)
2025-09-23 20:52:22 [INFO]: POST /ticket/purchase - 401 (8ms)
2025-09-23 20:52:24 [ERROR]: Error en POST /users/login: Credenciales incorrectas
2025-09-23 20:52:24 [INFO]: POST /users/login - 500 (101ms)
2025-09-23 20:52:24 [INFO]: POST /products - 401 (4ms)
2025-09-23 20:52:24 [INFO]: GET /products - 401 (3ms)
2025-09-23 20:52:24 [INFO]: GET /products/undefined - 401 (6ms)
2025-09-23 20:52:24 [INFO]: PUT /products/undefined - 401 (3ms)
2025-09-23 20:52:24 [INFO]: DELETE /products/undefined - 401 (5ms)
2025-09-23 20:52:26 [ERROR]: Error en POST /users/login: Credenciales incorrectas
2025-09-23 20:52:26 [INFO]: POST /users/login - 500 (52ms)
2025-09-23 20:52:26 [INFO]: POST /products - 401 (4ms)
2025-09-23 20:52:26 [INFO]: POST /carts - 401 (4ms)
2025-09-23 20:52:26 [INFO]: GET /carts - 401 (6ms)
2025-09-23 20:52:26 [INFO]: GET /carts/undefined - 401 (6ms)
2025-09-23 20:52:26 [INFO]: POST /carts/undefined/products/undefined - 404 (8ms)
2025-09-23 20:52:26 [INFO]: PUT /carts/undefined/products/undefined - 401 (5ms)
2025-09-23 20:52:26 [INFO]: DELETE /carts/undefined/products/undefined - 401 (7ms)
2025-09-23 20:52:26 [INFO]: DELETE /carts/undefined - 401 (6ms)
2025-09-23 20:52:28 [INFO]: GET / - 200 (8ms)
2025-09-23 20:55:44 [INFO]: 🆕 Usuario registrado: Facualca2001@gmail.com
2025-09-23 20:55:44 [INFO]: POST /users/register - 201 (1033ms)
2025-09-23 20:55:44 [INFO]: POST /users/login - 200 (88ms)
2025-09-23 20:55:44 [INFO]: GET /users/profile - 401 (6ms)
2025-09-23 20:55:44 [INFO]: POST /users/login - 200 (85ms)
2025-09-23 20:55:44 [INFO]: POST /users/refresh - 200 (5ms)
2025-09-23 20:55:44 [INFO]: POST /users/logout - 200 (3ms)
2025-09-23 20:55:46 [INFO]: 🆕 Usuario registrado: ticketer@example.com
2025-09-23 20:55:46 [INFO]: POST /users/register - 201 (901ms)
2025-09-23 20:55:47 [INFO]: POST /users/login - 200 (81ms)
2025-09-23 20:55:47 [INFO]: POST /products - 401 (3ms)
2025-09-23 20:55:47 [INFO]: GET /users/profile - 401 (7ms)
2025-09-23 20:55:47 [INFO]: POST /carts/undefined/products/undefined - 404 (4ms)
2025-09-23 20:55:47 [INFO]: POST /ticket/purchase - 401 (3ms)
2025-09-23 20:55:48 [ERROR]: Error en POST /users/login: Credenciales incorrectas
2025-09-23 20:55:48 [INFO]: POST /users/login - 500 (49ms)
2025-09-23 20:55:48 [INFO]: POST /products - 401 (2ms)
2025-09-23 20:55:48 [INFO]: GET /products - 401 (3ms)
2025-09-23 20:55:48 [INFO]: GET /products/undefined - 401 (3ms)
2025-09-23 20:55:48 [INFO]: PUT /products/undefined - 401 (3ms)
2025-09-23 20:55:48 [INFO]: DELETE /products/undefined - 401 (4ms)
2025-09-23 20:55:49 [ERROR]: Error en POST /users/login: Credenciales incorrectas
2025-09-23 20:55:49 [INFO]: POST /users/login - 500 (33ms)
2025-09-23 20:55:49 [INFO]: POST /products - 401 (2ms)
2025-09-23 20:55:49 [INFO]: POST /carts - 401 (2ms)
2025-09-23 20:55:49 [INFO]: GET /carts - 401 (3ms)
2025-09-23 20:55:49 [INFO]: GET /carts/undefined - 401 (3ms)
2025-09-23 20:55:49 [INFO]: POST /carts/undefined/products/undefined - 404 (2ms)
2025-09-23 20:55:49 [INFO]: PUT /carts/undefined/products/undefined - 401 (3ms)
2025-09-23 20:55:49 [INFO]: DELETE /carts/undefined/products/undefined - 401 (4ms)
2025-09-23 20:55:50 [INFO]: DELETE /carts/undefined - 401 (5ms)
2025-09-23 20:55:51 [INFO]: GET / - 200 (5ms)
2025-09-23 21:04:19 [INFO]: 🆕 Usuario registrado: ignaalcaniz@gmail.com
2025-09-23 21:04:20 [INFO]: POST /users/register - 201 (966ms)
2025-09-23 21:04:57 [INFO]: POST /users/login - 200 (104ms)
2025-09-23 21:05:46 [INFO]: Producto 67e70c668b211e1c1e76fd67 agregado al carrito [object Object]
2025-09-23 21:05:46 [INFO]: POST /carts/products/67e70c668b211e1c1e76fd67 - 200 (45ms)
2025-09-23 21:05:46 [INFO]: Producto 67e70c668b211e1c1e76fd67 agregado al carrito [object Object]
2025-09-23 21:05:46 [INFO]: POST /carts/products/67e70c668b211e1c1e76fd67 - 200 (23ms)
2025-09-23 21:05:46 [INFO]: Producto 67e70c668b211e1c1e76fd67 agregado al carrito [object Object]
2025-09-23 21:05:46 [INFO]: POST /carts/products/67e70c668b211e1c1e76fd67 - 200 (20ms)
2025-09-23 21:05:47 [INFO]: Producto 67e70c668b211e1c1e76fd67 agregado al carrito [object Object]
2025-09-23 21:05:47 [INFO]: POST /carts/products/67e70c668b211e1c1e76fd67 - 200 (13ms)
2025-09-23 21:05:47 [INFO]: Producto 67e70c668b211e1c1e76fd67 agregado al carrito [object Object]
2025-09-23 21:05:47 [INFO]: POST /carts/products/67e70c668b211e1c1e76fd67 - 200 (14ms)
2025-09-23 21:05:56 [INFO]: Producto 67f037cf5da701c29225daf0 agregado al carrito [object Object]
2025-09-23 21:05:56 [INFO]: POST /carts/products/67f037cf5da701c29225daf0 - 200 (17ms)
2025-09-23 21:05:56 [INFO]: Producto 67f037cf5da701c29225daf0 agregado al carrito [object Object]
2025-09-23 21:05:56 [INFO]: POST /carts/products/67f037cf5da701c29225daf0 - 200 (24ms)
2025-09-23 21:05:56 [INFO]: Producto 67f037cf5da701c29225daf0 agregado al carrito [object Object]
2025-09-23 21:05:56 [INFO]: POST /carts/products/67f037cf5da701c29225daf0 - 200 (18ms)
2025-09-23 21:05:56 [INFO]: Producto 67f037cf5da701c29225daf0 agregado al carrito [object Object]
2025-09-23 21:05:56 [INFO]: POST /carts/products/67f037cf5da701c29225daf0 - 200 (12ms)
2025-09-23 21:05:56 [INFO]: Producto 67f037cf5da701c29225daf0 agregado al carrito [object Object]
2025-09-23 21:05:56 [INFO]: POST /carts/products/67f037cf5da701c29225daf0 - 200 (23ms)
2025-09-23 21:06:04 [INFO]: 🎟️ Ticket generado para ignaalcaniz@gmail.com
2025-09-23 21:06:04 [INFO]: POST /ticket/purchase - 201 (1259ms)
2025-09-23 21:07:00 [INFO]: 🆕 Usuario registrado: Facualca2001@gmail.com
2025-09-23 21:07:00 [INFO]: POST /users/register - 201 (1101ms)
2025-09-23 21:07:00 [INFO]: POST /users/login - 200 (89ms)
2025-09-23 21:07:00 [INFO]: GET /users/profile - 401 (6ms)
2025-09-23 21:07:01 [INFO]: POST /users/login - 200 (90ms)
2025-09-23 21:07:01 [INFO]: POST /users/refresh - 200 (6ms)
2025-09-23 21:07:01 [INFO]: POST /users/logout - 200 (2ms)
2025-09-23 21:07:03 [INFO]: 🆕 Usuario registrado: ticketer@example.com
2025-09-23 21:07:03 [INFO]: POST /users/register - 201 (847ms)
2025-09-23 21:07:03 [INFO]: POST /users/login - 200 (88ms)
2025-09-23 21:07:03 [INFO]: POST /products - 401 (3ms)
2025-09-23 21:07:03 [INFO]: GET /users/profile - 401 (2ms)
2025-09-23 21:07:03 [INFO]: POST /carts/undefined/products/undefined - 404 (4ms)
2025-09-23 21:07:03 [INFO]: POST /ticket/purchase - 401 (3ms)
2025-09-23 21:07:04 [ERROR]: Error en POST /users/login: Credenciales incorrectas
2025-09-23 21:07:04 [INFO]: POST /users/login - 500 (34ms)
2025-09-23 21:07:04 [INFO]: POST /products - 401 (2ms)
2025-09-23 21:07:04 [INFO]: POST /carts - 401 (2ms)
2025-09-23 21:07:04 [INFO]: GET /carts - 401 (2ms)
2025-09-23 21:07:04 [INFO]: GET /carts/undefined - 401 (2ms)
2025-09-23 21:07:04 [INFO]: POST /carts/undefined/products/undefined - 404 (3ms)
2025-09-23 21:07:04 [INFO]: PUT /carts/undefined/products/undefined - 401 (3ms)
2025-09-23 21:07:04 [INFO]: DELETE /carts/undefined/products/undefined - 401 (3ms)
2025-09-23 21:07:04 [INFO]: DELETE /carts/undefined - 401 (3ms)
2025-09-23 21:07:05 [ERROR]: Error en POST /users/login: Credenciales incorrectas
2025-09-23 21:07:05 [INFO]: POST /users/login - 500 (28ms)
2025-09-23 21:07:05 [INFO]: POST /products - 401 (2ms)
2025-09-23 21:07:05 [INFO]: GET /products - 401 (3ms)
2025-09-23 21:07:05 [INFO]: GET /products/undefined - 401 (3ms)
2025-09-23 21:07:05 [INFO]: PUT /products/undefined - 401 (2ms)
2025-09-23 21:07:05 [INFO]: DELETE /products/undefined - 401 (3ms)
2025-09-23 21:07:06 [INFO]: GET / - 200 (3ms)
2025-09-23 21:18:51 [INFO]: GET / - 200 (9ms)
2025-09-23 21:42:44 [INFO]: GET / - 200 (8ms)
2025-09-23 21:44:33 [INFO]: GET / - 200 (9ms)
2025-09-23 21:51:54 [INFO]: GET / - 200 (7ms)
2025-09-23 21:51:55 [INFO]: POST /users/register - 400 (6ms)
2025-09-23 21:51:55 [ERROR]: Error en POST /users/login: Credenciales incorrectas
2025-09-23 21:51:55 [INFO]: POST /users/login - 500 (29ms)
2025-09-23 21:51:55 [INFO]: GET /users/profile - 401 (3ms)
2025-09-23 21:51:56 [INFO]: POST /users/refresh - 401 (2ms)
2025-09-23 21:51:56 [INFO]: POST /users/logout - 200 (3ms)
2025-09-23 21:51:57 [ERROR]: Error en POST /users/login: Credenciales incorrectas
2025-09-23 21:51:57 [INFO]: POST /users/login - 500 (31ms)
2025-09-23 21:51:57 [INFO]: POST /carts/undefined/products/undefined - 404 (2ms)
2025-09-23 21:51:57 [INFO]: POST /ticket/purchase - 401 (3ms)
2025-09-23 21:51:59 [ERROR]: Error en POST /users/login: Credenciales incorrectas
2025-09-23 21:51:59 [INFO]: POST /users/login - 500 (30ms)
2025-09-23 21:51:59 [INFO]: GET /carts - 401 (3ms)
2025-09-23 21:51:59 [INFO]: POST /carts/undefined/products/undefined - 404 (2ms)
2025-09-23 21:51:59 [INFO]: PUT /carts/undefined/products/undefined - 401 (2ms)
2025-09-23 21:51:59 [INFO]: DELETE /carts/undefined/products/undefined - 401 (2ms)
2025-09-23 21:51:59 [INFO]: DELETE /carts/undefined - 401 (2ms)
2025-09-23 21:52:01 [ERROR]: Error en POST /users/login: Credenciales incorrectas
2025-09-23 21:52:01 [INFO]: POST /users/login - 500 (40ms)
2025-09-23 21:52:01 [INFO]: POST /products - 401 (2ms)
2025-09-23 21:52:01 [INFO]: GET /products - 401 (2ms)
2025-09-23 21:52:01 [INFO]: GET /products/undefined - 401 (2ms)
2025-09-23 21:52:01 [INFO]: PUT /products/undefined - 401 (2ms)
2025-09-23 21:52:01 [INFO]: DELETE /products/undefined - 401 (2ms)
2025-09-24 09:46:01 [INFO]: POST /users/register - 400 (12ms)
2025-09-24 09:46:01 [ERROR]: Error en POST /users/login: Credenciales incorrectas
2025-09-24 09:46:01 [INFO]: POST /users/login - 500 (42ms)
2025-09-24 09:46:01 [INFO]: GET /users/profile - 401 (6ms)
2025-09-24 09:46:01 [INFO]: POST /users/refresh - 401 (5ms)
2025-09-24 09:46:01 [INFO]: POST /users/logout - 200 (5ms)
2025-09-24 09:46:03 [ERROR]: Error en POST /users/login: Credenciales incorrectas
2025-09-24 09:46:03 [INFO]: POST /users/login - 500 (46ms)
2025-09-24 09:46:03 [INFO]: POST /products - 401 (2ms)
2025-09-24 09:46:03 [INFO]: GET /products - 401 (5ms)
2025-09-24 09:46:03 [INFO]: GET /products/undefined - 401 (4ms)
2025-09-24 09:46:03 [INFO]: PUT /products/undefined - 401 (1ms)
2025-09-24 09:46:03 [INFO]: DELETE /products/undefined - 401 (3ms)
2025-09-24 09:46:05 [ERROR]: Error en POST /users/login: Credenciales incorrectas
2025-09-24 09:46:05 [INFO]: POST /users/login - 500 (30ms)
2025-09-24 09:46:05 [INFO]: GET /carts - 401 (4ms)
2025-09-24 09:46:05 [INFO]: POST /carts/undefined/products/undefined - 404 (3ms)
2025-09-24 09:46:05 [INFO]: PUT /carts/undefined/products/undefined - 401 (2ms)
2025-09-24 09:46:05 [INFO]: DELETE /carts/undefined/products/undefined - 401 (5ms)
2025-09-24 09:46:05 [INFO]: DELETE /carts/undefined - 401 (3ms)
2025-09-24 09:46:08 [ERROR]: Error en POST /users/login: Credenciales incorrectas
2025-09-24 09:46:08 [INFO]: POST /users/login - 500 (72ms)
2025-09-24 09:46:08 [INFO]: POST /carts/undefined/products/undefined - 404 (4ms)
2025-09-24 09:46:08 [INFO]: POST /ticket/purchase - 401 (4ms)
2025-09-24 09:46:11 [INFO]: GET / - 200 (10ms)
2025-09-24 14:13:08 [ERROR]: Error en POST /users/login: Credenciales incorrectas
2025-09-24 14:13:08 [INFO]: POST /users/login - 500 (42ms)
2025-09-24 14:13:09 [ERROR]: Error en POST /users/login: Credenciales incorrectas
2025-09-24 14:13:09 [INFO]: POST /users/login - 500 (51ms)
2025-09-24 14:13:10 [ERROR]: Error en POST /users/login: Credenciales incorrectas
2025-09-24 14:13:10 [INFO]: POST /users/login - 500 (19ms)
