2025-09-15 20:41:02 [ERROR]: Error al registrar usuario: ValidationError: age: Path `age` is required., last_name: Path `last_name` is required., first_name: Path `first_name` is required.
2025-09-16 20:08:29 [ERROR]: ❌ Error en login: Credenciales incorrectas
2025-09-16 20:34:13 [ERROR]: ❌ Error al registrar usuario: El usuario ya existe
2025-09-16 20:35:07 [ERROR]: ❌ Error en login: Credenciales incorrectas
2025-09-16 20:36:10 [ERROR]: ❌ Error en login: Credenciales incorrectas
2025-09-18 19:22:00 [ERROR]: ❌ Error al registrar usuario: El usuario ya existe
2025-09-19 11:13:24 [ERROR]: ❌ Error al registrar usuario: El usuario ya existe
2025-09-19 15:11:03 [ERROR]: ❌ Error al generar ticket: Cannot read properties of undefined (reading 'services')
2025-09-19 15:36:26 [ERROR]: ❌ Error al generar ticket: Cannot read properties of undefined (reading 'services')
2025-09-19 15:45:49 [ERROR]: ❌ Error al generar ticket: this.dao.create is not a function
2025-09-19 15:57:55 [ERROR]: ❌ Error al registrar usuario: El usuario ya existe
2025-09-19 15:59:09 [ERROR]: ❌ Error al generar ticket: ValidationError: amount: Cast to Number failed for value "NaN" (type number) at path "amount", purchaser: Path `purchaser` is required.
2025-09-19 16:53:41 [ERROR]: ❌ Error al generar ticket: Cannot read properties of undefined (reading 'split')
2025-09-19 16:56:59 [ERROR]: ❌ Error al generar ticket: Usuario no encontrado
2025-09-19 17:34:37 [ERROR]: ❌ Error al generar ticket: Usuario no autenticado
2025-09-19 18:03:15 [ERROR]: ❌ Error al generar ticket: Usuario no autenticado
2025-09-21 17:56:44 [ERROR]: Error al agregar producto al carrito: Error: Producto no encontrado
2025-09-21 18:08:41 [ERROR]: ❌ Error al generar ticket: Usuario no encontrado
2025-09-21 18:41:46 [ERROR]: ❌ Error al generar ticket: Usuario no encontrado
2025-09-21 18:51:03 [ERROR]: ❌ Error al generar ticket: Cannot read properties of undefined (reading 'toString')
2025-09-21 19:20:12 [ERROR]: ❌ Error al generar ticket: Usuario no encontrado
2025-09-21 19:27:31 [ERROR]: ❌ Error al generar ticket: Usuario no encontrado
2025-09-21 19:37:14 [ERROR]: ❌ Error al generar ticket: Usuario no encontrado
2025-09-21 19:42:26 [ERROR]: ❌ Error al generar ticket: Usuario no encontrado
2025-09-22 16:57:30 [ERROR]: ❌ Error al generar ticket: Cannot read properties of undefined (reading 'first_name')
2025-09-22 20:52:35 [ERROR]: ❌ Error al generar ticket: Usuario no encontrado
2025-09-22 21:30:39 [ERROR]: ❌ Error al generar ticket: Usuario no encontrado
2025-09-22 22:45:58 [ERROR]: ❌ Error al generar ticket: Cannot read properties of undefined (reading 'first_name')
2025-09-22 23:16:16 [ERROR]: ❌ Error al generar ticket: Cannot read properties of undefined (reading 'first_name')
2025-09-23 19:07:02 [ERROR]: ❌ Error al registrar usuario: El usuario ya existe
2025-09-23 19:07:02 [ERROR]: Error en POST /users/register: El usuario ya existe
2025-09-23 19:08:23 [ERROR]: ❌ Error al registrar usuario: El usuario ya existe
2025-09-23 19:08:23 [ERROR]: Error en POST /users/register: El usuario ya existe
2025-09-23 19:08:25 [ERROR]: ❌ Error al registrar usuario: El usuario ya existe
2025-09-23 19:08:25 [ERROR]: Error en POST /users/register: El usuario ya existe
2025-09-23 19:24:41 [ERROR]: ❌ Error al registrar usuario: MongooseError: Operation `users.findOne()` buffering timed out after 10000ms
2025-09-23 19:24:41 [ERROR]: Error en POST /users/register: MongooseError: Operation `users.findOne()` buffering timed out after 10000ms
2025-09-23 19:24:46 [ERROR]: ❌ Error al registrar usuario: MongooseError: Operation `users.findOne()` buffering timed out after 10000ms
2025-09-23 19:24:46 [ERROR]: Error en POST /users/register: MongooseError: Operation `users.findOne()` buffering timed out after 10000ms
2025-09-23 19:24:56 [ERROR]: Error en POST /users/login: MongooseError: Operation `users.findOne()` buffering timed out after 10000ms
2025-09-23 19:54:40 [ERROR]: Error en POST /users/login: MongooseError: Operation `users.findOne()` buffering timed out after 10000ms
2025-09-23 19:54:52 [ERROR]: ❌ Error al registrar usuario: MongooseError: Operation `users.findOne()` buffering timed out after 10000ms
2025-09-23 19:54:52 [ERROR]: Error en POST /users/register: MongooseError: Operation `users.findOne()` buffering timed out after 10000ms
2025-09-23 19:55:04 [ERROR]: Error en POST /users/login: MongooseError: Operation `users.findOne()` buffering timed out after 10000ms
2025-09-23 19:55:17 [ERROR]: Error en POST /users/login: MongooseError: Operation `users.findOne()` buffering timed out after 10000ms
2025-09-23 20:11:09 [ERROR]: ❌ Error al registrar usuario: MongooseError: Operation `users.findOne()` buffering timed out after 10000ms
2025-09-23 20:11:09 [ERROR]: Error en POST /users/register: MongooseError: Operation `users.findOne()` buffering timed out after 10000ms
2025-09-23 20:11:19 [ERROR]: Error en POST /users/login: MongooseError: Operation `users.findOne()` buffering timed out after 10000ms
2025-09-23 20:11:29 [ERROR]: Error en POST /users/login: MongooseError: Operation `users.findOne()` buffering timed out after 10000ms
2025-09-23 20:11:41 [ERROR]: ❌ Error al registrar usuario: MongooseError: Operation `users.findOne()` buffering timed out after 10000ms
2025-09-23 20:11:41 [ERROR]: Error en POST /users/register: MongooseError: Operation `users.findOne()` buffering timed out after 10000ms
2025-09-23 20:11:51 [ERROR]: Error en POST /users/login: MongooseError: Operation `users.findOne()` buffering timed out after 10000ms
2025-09-23 20:12:04 [ERROR]: Error en POST /users/login: MongooseError: Operation `users.findOne()` buffering timed out after 10000ms
2025-09-23 20:12:16 [ERROR]: Error en POST /users/login: MongooseError: Operation `users.findOne()` buffering timed out after 10000ms
2025-09-23 20:52:24 [ERROR]: Error en POST /users/login: Credenciales incorrectas
2025-09-23 20:52:26 [ERROR]: Error en POST /users/login: Credenciales incorrectas
2025-09-23 20:55:48 [ERROR]: Error en POST /users/login: Credenciales incorrectas
2025-09-23 20:55:49 [ERROR]: Error en POST /users/login: Credenciales incorrectas
2025-09-23 21:07:04 [ERROR]: Error en POST /users/login: Credenciales incorrectas
2025-09-23 21:07:05 [ERROR]: Error en POST /users/login: Credenciales incorrectas
2025-09-23 21:51:55 [ERROR]: Error en POST /users/login: Credenciales incorrectas
2025-09-23 21:51:57 [ERROR]: Error en POST /users/login: Credenciales incorrectas
2025-09-23 21:51:59 [ERROR]: Error en POST /users/login: Credenciales incorrectas
2025-09-23 21:52:01 [ERROR]: Error en POST /users/login: Credenciales incorrectas
2025-09-24 09:46:01 [ERROR]: Error en POST /users/login: Credenciales incorrectas
2025-09-24 09:46:03 [ERROR]: Error en POST /users/login: Credenciales incorrectas
2025-09-24 09:46:05 [ERROR]: Error en POST /users/login: Credenciales incorrectas
2025-09-24 09:46:08 [ERROR]: Error en POST /users/login: Credenciales incorrectas
2025-09-24 14:13:08 [ERROR]: Error en POST /users/login: Credenciales incorrectas
2025-09-24 14:13:09 [ERROR]: Error en POST /users/login: Credenciales incorrectas
2025-09-24 14:13:10 [ERROR]: Error en POST /users/login: Credenciales incorrectas
2025-09-25 20:02:11 [ERROR]: Error en POST /users/login: Credenciales incorrectas
2025-09-25 20:02:13 [ERROR]: Error en POST /users/login: Credenciales incorrectas
2025-09-25 20:02:17 [ERROR]: Error en POST /users/login: Credenciales incorrectas
2025-09-25 20:09:25 [ERROR]: Error en POST /users/login: Credenciales incorrectas
2025-09-25 20:09:28 [ERROR]: Error en POST /users/login: Credenciales incorrectas
2025-09-25 20:09:29 [ERROR]: Error en POST /users/login: Credenciales incorrectas
2025-09-25 20:09:32 [ERROR]: Error en POST /users/login: Credenciales incorrectas
2025-09-26 15:46:05 [ERROR]: Error en POST /users/login: Credenciales incorrectas
2025-09-26 15:46:11 [ERROR]: Error en POST /users/login: Credenciales incorrectas
2025-09-26 15:46:12 [ERROR]: Error en POST /users/login: Credenciales incorrectas
2025-09-26 15:46:14 [ERROR]: Error en POST /users/login: Credenciales incorrectas
2025-09-26 16:20:22 [ERROR]: Error en POST /users/login: Credenciales incorrectas
2025-09-26 16:20:26 [ERROR]: Error en POST /users/login: Credenciales incorrectas
2025-09-26 16:20:28 [ERROR]: Error en POST /users/login: Credenciales incorrectas
2025-09-26 16:20:29 [ERROR]: Error en POST /users/login: Credenciales incorrectas
2025-09-30 14:07:46 [ERROR]: Error en POST /users/login: Credenciales incorrectas
2025-09-30 14:07:52 [ERROR]: Error en POST /users/login: Credenciales incorrectas
2025-09-30 14:07:53 [ERROR]: Error en POST /users/login: Credenciales incorrectas
2025-09-30 14:07:53 [ERROR]: Error en POST /users/login: Credenciales incorrectas
2025-09-30 14:07:53 [ERROR]: Error en POST /users/login: Credenciales incorrectas
2025-09-30 14:07:53 [ERROR]: Error en POST /users/login: Credenciales incorrectas
2025-09-30 14:07:59 [ERROR]: Error en POST /users/login: Credenciales incorrectas
2025-09-30 14:07:59 [ERROR]: Error en POST /users/login: Credenciales incorrectas
2025-09-30 14:37:55 [ERROR]: Error en POST /users/login: Credenciales incorrectas
2025-09-30 14:37:55 [ERROR]: Error en POST /users/login: Credenciales incorrectas
2025-09-30 14:37:55 [ERROR]: Error en POST /users/login: Credenciales incorrectas
2025-09-30 14:37:55 [ERROR]: Error en POST /users/login: Credenciales incorrectas
2025-09-30 14:37:55 [ERROR]: Error en POST /users/login: Credenciales incorrectas
2025-09-30 14:38:11 [ERROR]: Error en POST /users/login: Credenciales incorrectas
2025-09-30 14:38:27 [ERROR]: Error en POST /users/login: Credenciales incorrectas
2025-09-30 14:38:27 [ERROR]: Error en POST /users/login: Credenciales incorrectas
2025-09-30 14:55:55 [ERROR]: Error en POST /users/login: Credenciales incorrectas
2025-09-30 14:55:55 [ERROR]: Error en POST /users/login: Credenciales incorrectas
2025-09-30 14:55:55 [ERROR]: Error en POST /users/login: Credenciales incorrectas
2025-09-30 14:55:55 [ERROR]: Error en POST /users/login: Credenciales incorrectas
2025-09-30 14:55:55 [ERROR]: Error en POST /users/login: Credenciales incorrectas
2025-09-30 14:55:56 [ERROR]: Error en POST /users/login: Credenciales incorrectas
2025-09-30 14:55:56 [ERROR]: Error en POST /users/login: Credenciales incorrectas
2025-09-30 14:55:57 [ERROR]: Error en POST /users/login: Credenciales incorrectas
2025-09-30 15:09:30 [ERROR]: Error en POST /users/login: Credenciales incorrectas
2025-09-30 15:09:30 [ERROR]: Error en POST /users/login: Credenciales incorrectas
2025-09-30 15:09:30 [ERROR]: Error en POST /users/login: Credenciales incorrectas
2025-09-30 15:09:30 [ERROR]: Error en POST /users/login: Credenciales incorrectas
2025-09-30 15:09:31 [ERROR]: Error en POST /users/login: Credenciales incorrectas
2025-09-30 15:09:31 [ERROR]: Error en POST /users/login: Credenciales incorrectas
2025-09-30 15:09:32 [ERROR]: Error en POST /users/login: Credenciales incorrectas
2025-09-30 15:09:32 [ERROR]: Error en POST /users/login: Credenciales incorrectas
2025-09-30 15:27:09 [ERROR]: Error en POST /users/login: Credenciales incorrectas
2025-09-30 15:27:10 [ERROR]: Error en POST /users/login: Credenciales incorrectas
2025-09-30 15:27:10 [ERROR]: Error en POST /users/login: Credenciales incorrectas
2025-09-30 15:27:10 [ERROR]: Error en POST /users/login: Credenciales incorrectas
2025-09-30 15:27:10 [ERROR]: Error en POST /users/login: Credenciales incorrectas
2025-09-30 15:27:11 [ERROR]: Error en POST /users/login: Credenciales incorrectas
2025-09-30 15:27:11 [ERROR]: Error en POST /users/login: Credenciales incorrectas
2025-09-30 15:27:12 [ERROR]: Error en POST /users/login: Credenciales incorrectas
2025-09-30 15:27:13 [ERROR]: Error en POST /users/login: Credenciales incorrectas
2025-09-30 15:27:14 [ERROR]: Error en POST /users/login: Credenciales incorrectas
2025-09-30 15:27:14 [ERROR]: Error en POST /users/login: Credenciales incorrectas
2025-09-30 15:27:14 [ERROR]: Error en POST /users/login: Credenciales incorrectas
2025-09-30 15:36:11 [ERROR]: Error en POST /users/login: Credenciales incorrectas
2025-09-30 15:36:11 [ERROR]: Error en POST /users/login: Credenciales incorrectas
2025-09-30 15:36:11 [ERROR]: Error en POST /users/login: Credenciales incorrectas
2025-09-30 15:36:11 [ERROR]: Error en POST /users/login: Credenciales incorrectas
2025-09-30 15:36:42 [ERROR]: Error en POST /users/login: Credenciales incorrectas
2025-09-30 15:36:42 [ERROR]: Error en POST /users/login: Credenciales incorrectas
2025-09-30 15:36:42 [ERROR]: Error en POST /users/login: Credenciales incorrectas
2025-09-30 15:36:42 [ERROR]: Error en POST /users/login: Credenciales incorrectas
2025-09-30 15:36:42 [ERROR]: Error en POST /users/login: Credenciales incorrectas
2025-09-30 15:36:44 [ERROR]: Error en POST /users/login: Credenciales incorrectas
2025-09-30 15:36:44 [ERROR]: Error en POST /users/login: Credenciales incorrectas
2025-09-30 15:36:46 [ERROR]: Error en POST /users/login: Credenciales incorrectas
2025-09-30 15:43:43 [ERROR]: Error en POST /users/login: Credenciales incorrectas
2025-09-30 15:43:43 [ERROR]: Error en POST /users/login: Credenciales incorrectas
2025-09-30 15:43:43 [ERROR]: Error en POST /users/login: Credenciales incorrectas
2025-09-30 15:43:43 [ERROR]: Error en POST /users/login: Credenciales incorrectas
2025-09-30 15:43:44 [ERROR]: Error en POST /users/login: Credenciales incorrectas
2025-09-30 15:43:44 [ERROR]: Error en POST /users/login: Credenciales incorrectas
2025-09-30 15:43:44 [ERROR]: Error en POST /users/login: Credenciales incorrectas
2025-09-30 15:43:45 [ERROR]: Error en POST /users/login: Credenciales incorrectas
2025-09-30 15:43:45 [ERROR]: Error en POST /users/login: Credenciales incorrectas
2025-09-30 15:43:48 [ERROR]: Error en POST /users/login: Credenciales incorrectas
2025-09-30 15:43:49 [ERROR]: Error en POST /users/login: Credenciales incorrectas
2025-09-30 15:43:49 [ERROR]: Error en POST /users/login: Credenciales incorrectas
2025-09-30 15:45:55 [ERROR]: Error en POST /users/login: Credenciales incorrectas
2025-09-30 15:47:34 [ERROR]: Error al agregar producto al carrito: Error: Producto no encontrado
2025-09-30 15:47:34 [ERROR]: Error en POST /carts/products/67e70c668b211e1c1e76fd67: Error: Producto no encontrado
2025-09-30 15:47:34 [ERROR]: Error al agregar producto al carrito: Error: Producto no encontrado
2025-09-30 15:47:34 [ERROR]: Error en POST /carts/products/67e70c668b211e1c1e76fd67: Error: Producto no encontrado
2025-09-30 15:47:35 [ERROR]: Error al agregar producto al carrito: Error: Producto no encontrado
2025-09-30 15:47:35 [ERROR]: Error en POST /carts/products/67e70c668b211e1c1e76fd67: Error: Producto no encontrado
2025-09-30 15:47:35 [ERROR]: Error al agregar producto al carrito: Error: Producto no encontrado
2025-09-30 15:47:35 [ERROR]: Error en POST /carts/products/67e70c668b211e1c1e76fd67: Error: Producto no encontrado
2025-09-30 15:47:35 [ERROR]: Error al agregar producto al carrito: Error: Producto no encontrado
2025-09-30 15:47:35 [ERROR]: Error en POST /carts/products/67e70c668b211e1c1e76fd67: Error: Producto no encontrado
2025-09-30 15:47:40 [ERROR]: ❌ Error al generar ticket: El carrito está vacío
2025-09-30 15:47:40 [ERROR]: Error en POST /ticket/purchase: El carrito está vacío
2025-09-30 15:58:00 [ERROR]: Error en POST /users/login: Credenciales incorrectas
2025-09-30 15:58:00 [ERROR]: Error en POST /users/login: Credenciales incorrectas
2025-09-30 15:58:00 [ERROR]: Error en POST /users/login: Credenciales incorrectas
2025-09-30 15:58:00 [ERROR]: Error en POST /users/login: Credenciales incorrectas
2025-09-30 15:58:01 [ERROR]: Error en POST /users/login: Credenciales incorrectas
2025-09-30 15:58:02 [ERROR]: Error en POST /users/login: Credenciales incorrectas
2025-09-30 15:58:02 [ERROR]: Error en POST /users/login: Credenciales incorrectas
2025-09-30 15:58:02 [ERROR]: Error en POST /users/login: Credenciales incorrectas
2025-09-30 15:58:02 [ERROR]: Error en POST /users/login: Credenciales incorrectas
2025-09-30 15:58:02 [ERROR]: Error en POST /users/login: Credenciales incorrectas
2025-09-30 15:58:04 [ERROR]: Error en POST /users/login: Credenciales incorrectas
2025-09-30 15:58:04 [ERROR]: Error en POST /users/login: Credenciales incorrectas
